
##################################################
    Branching Ratio x Cross Section @ 8 TeV  
##################################################
--------------------------------------------------
Production:   Xsec/fb       Rate
     Total: 14071.168    100.00%
       G_G: 14071.168    100.00%
--------------------------------------------------
Output processes upto 0.5%
              Process:  Br*Xsec/fb     Rate    Accum
  GqqC1qqN1_GqqC1qqN1:  1222.38301    8.69%    8.69%
  GqqC1qqN1_GqqN2qqN1:  1010.77762    7.18%   15.87%
      GqqC1qqN1_GqqN1:   925.83120    6.58%   22.45%
  GbbN2qqN1_GqqC1qqN1:   580.31718    4.12%   26.57%
  GbtC1qqN1_GqqC1qqN1:   444.01834    3.16%   29.73%
  GqqC1mnN1_GqqC1qqN1:   403.57161    2.87%   32.60%
  GqqC1enN1_GqqC1qqN1:   403.57161    2.87%   35.47%
 GqqC1ntaN1_GqqC1qqN1:   401.13467    2.85%   38.32%
      GqqN1_GqqN2qqN1:   382.78078    2.72%   41.04%
  GqqC1qqN1_GqqN2nnN1:   355.06070    2.52%   43.56%
  GqqC1qqN1_GqqN2bbN1:   269.37451    1.91%   45.47%
  GbbN2qqN1_GqqN2qqN1:   239.92955    1.71%   47.18%
      GbbN2qqN1_GqqN1:   219.76571    1.56%   48.74%
  GqqN2qqN1_GqqN2qqN1:   208.95075    1.48%   50.23%
  GbbN2nnN1_GqqC1qqN1:   203.85080    1.45%   51.68%
  GbtC1qqN1_GqqN2qqN1:   183.57740    1.30%   52.98%
          GqqN1_GqqN1:   175.30582    1.25%   54.23%  <== Implemented
      GbtC1qqN1_GqqN1:   168.14944    1.19%   55.42%
  GqqC1enN1_GqqN2qqN1:   166.85489    1.19%   56.61%
  GqqC1mnN1_GqqN2qqN1:   166.85489    1.19%   57.79%
 GqqC1ntaN1_GqqN2qqN1:   165.84734    1.18%   58.97%
      GbbN1_GqqC1qqN1:   164.66837    1.17%   60.14%
  GbbN2bbN1_GqqC1qqN1:   154.65584    1.10%   61.24%
      GqqC1enN1_GqqN1:   152.83229    1.09%   62.33%
      GqqC1mnN1_GqqN1:   152.83229    1.09%   63.41%
     GqqC1ntaN1_GqqN1:   151.90942    1.08%   64.49%
  GqqN2nnN1_GqqN2qqN1:   146.79826    1.04%   65.54%
      GqqN1_GqqN2nnN1:   134.46124    0.96%   66.49%
  GqqN2bbN1_GqqN2qqN1:   111.37169    0.79%   67.28%
  GbbN2qqN1_GbtC1qqN1:   105.39719    0.75%   68.03%
      GqqN1_GqqN2bbN1:   102.01194    0.72%   68.76%
  GbbN2qqN1_GqqC1mnN1:    95.79630    0.68%   69.44%
  GbbN2qqN1_GqqC1enN1:    95.79630    0.68%   70.12%
 GbbN2qqN1_GqqC1ntaN1:    95.21784    0.68%   70.79%
  GbbN2qqN1_GqqN2nnN1:    84.28120    0.60%   71.39%
  GbbN2nnN1_GqqN2qqN1:    84.28120    0.60%   71.99%
      GbbN2nnN1_GqqN1:    77.19816    0.55%   72.54%
  GbtC1qqN1_GqqC1enN1:    73.29667    0.52%   73.06%
  GbtC1qqN1_GqqC1mnN1:    73.29667    0.52%   73.58%
  GbtC1mnN1_GqqC1qqN1:    73.29667    0.52%   74.10%
  GbtC1enN1_GqqC1qqN1:    73.29667    0.52%   74.62%
 GbtC1ntaN1_GqqC1qqN1:    72.85407    0.52%   75.14%
 GbtC1qqN1_GqqC1ntaN1:    72.85407    0.52%   75.66%
  GbbN2qqN1_GbbN2qqN1:    68.87531    0.49%   76.15%
...


############################################################
                 Analyses Details 
############################################################
------------------------------------------------------------
[ATLAS_CONF_2013_053]
0 leptons + 2 b-jets + Etmiss [Sbottom/stop] at 8TeV with $20.1fb^{-1}$ 
http://arxiv.org/abs/1308.2631
Ecm/TeV = 8
lumi*fb = 20.1
   #----  SRA mCT150  ----#
   Nobs:              102
   Nbg:               94.0(13.0)
   Nvis_UL[observed]: 38.0
       Process       Nev    R[obs]
         Total    0.6497    0.0170
   GbbN1_GqqN1    0.4814    0.0126          
   GbbN1_GbbN1    0.1670    0.0044          
   GbbN1_GttN1    0.0009    0.0000          
   GqqN1_GttN1    0.0004    0.0000          
    GbbN1_GgN1    0.0001    0.0000          
    GgN1_GttN1    0.0000    0.0000          
   GttN1_GttN1    0.0000    0.0000          
    GgN1_GqqN1    0.0000    0.0000          
     GgN1_GgN1    0.0000    0.0000          
   GqqN1_GqqN1    0.0000    0.0000          
   #----  SRA mCT200  ----#
   Nobs:              48
   Nbg:               39.0(6.0)
   Nvis_UL[observed]: 26.0
       Process       Nev    R[obs]
         Total    0.3424    0.0131
   GbbN1_GqqN1    0.2467    0.0094          
   GbbN1_GbbN1    0.0951    0.0036          
   GbbN1_GttN1    0.0005    0.0000          
    GbbN1_GgN1    0.0000    0.0000          
    GgN1_GttN1    0.0000    0.0000          
   GttN1_GttN1    0.0000    0.0000          
    GgN1_GqqN1    0.0000    0.0000          
   GqqN1_GttN1    0.0000    0.0000          
     GgN1_GgN1    0.0000    0.0000          
   GqqN1_GqqN1    0.0000    0.0000          
   #----  SRA mCT250  ----#
   Nobs:              14
   Nbg:               15.8(2.8)
   Nvis_UL[observed]: 9.0
       Process       Nev    R[obs]
         Total    0.1359    0.0150
   GbbN1_GqqN1    0.1030    0.0114          
   GbbN1_GbbN1    0.0326    0.0036          
   GbbN1_GttN1    0.0003    0.0000          
    GbbN1_GgN1    0.0000    0.0000          
    GgN1_GttN1    0.0000    0.0000          
   GttN1_GttN1    0.0000    0.0000          
    GgN1_GqqN1    0.0000    0.0000          
   GqqN1_GttN1    0.0000    0.0000          
     GgN1_GgN1    0.0000    0.0000          
   GqqN1_GqqN1    0.0000    0.0000          
   #----  SRA mCT300  ----#
   Nobs:              7
   Nbg:               5.9(1.1)
   Nvis_UL[observed]: 7.5
       Process       Nev    R[obs]
         Total    0.0116    0.0016
   GbbN1_GbbN1    0.0116    0.0016          
    GbbN1_GgN1    0.0000    0.0000          
   GbbN1_GqqN1    0.0000    0.0000          
    GgN1_GttN1    0.0000    0.0000          
   GttN1_GttN1    0.0000    0.0000          
    GgN1_GqqN1    0.0000    0.0000          
   GqqN1_GttN1    0.0000    0.0000          
   GbbN1_GttN1    0.0000    0.0000          
     GgN1_GgN1    0.0000    0.0000          
   GqqN1_GqqN1    0.0000    0.0000          
   #----  SRA mCT350  ----#
   Nobs:              3
   Nbg:               2.5(0.6)
   Nvis_UL[observed]: 5.2
       Process       Nev    R[obs]
         Total    0.0026    0.0005
   GbbN1_GbbN1    0.0026    0.0005          
   GbbN1_GqqN1    0.0000    0.0000          
    GgN1_GttN1    0.0000    0.0000          
   GttN1_GttN1    0.0000    0.0000          
    GgN1_GqqN1    0.0000    0.0000          
    GbbN1_GgN1    0.0000    0.0000          
   GqqN1_GttN1    0.0000    0.0000          
   GbbN1_GttN1    0.0000    0.0000          
     GgN1_GgN1    0.0000    0.0000          
   GqqN1_GqqN1    0.0000    0.0000          
   #----  SRB  ----#
   Nobs:              65
   Nbg:               64.0(10.0)
   Nvis_UL[observed]: 27.0
       Process       Nev    R[obs]
         Total    0.8531    0.0326
   GbbN1_GqqN1    0.7550    0.0289          
   GbbN1_GbbN1    0.0969    0.0037          
   GqqN1_GttN1    0.0008    0.0000          
   GbbN1_GttN1    0.0002    0.0000          
    GbbN1_GgN1    0.0001    0.0000          
    GgN1_GttN1    0.0000    0.0000          
   GttN1_GttN1    0.0000    0.0000          
    GgN1_GqqN1    0.0000    0.0000          
     GgN1_GgN1    0.0000    0.0000          
   GqqN1_GqqN1    0.0000    0.0000          

------------------------------------------------------------
[ATLAS_CONF_2013_037]
1 lepton + 4(1 b-)jets + Etmiss [Medium / heavy stop] at 8TeV with $20.7fb^{-1}$
https://cds.cern.ch/record/1532431
Ecm/TeV = 8
lumi*fb = 20.7
   #----  SRtN2  ----#
   Nobs:              14
   Nbg:               13.0(3.0)
   Nvis_UL[observed]: 10.7
       Process       Nev    R[obs]
         Total    0.0656    0.0063
   GqqN1_GttN1    0.0560    0.0054          
   GbbN1_GttN1    0.0096    0.0009          
    GgN1_GttN1    0.0000    0.0000          
   GttN1_GttN1    0.0000    0.0000          
   GbbN1_GqqN1    0.0000    0.0000          
    GgN1_GqqN1    0.0000    0.0000          
   GbbN1_GbbN1    0.0000    0.0000          
    GbbN1_GgN1    0.0000    0.0000          
     GgN1_GgN1    0.0000    0.0000          
   GqqN1_GqqN1    0.0000    0.0000          
   #----  SRtN3  ----#
   Nobs:              7
   Nbg:               5.0(2.0)
   Nvis_UL[observed]: 8.5
       Process       Nev    R[obs]
         Total    0.0230    0.0028
   GqqN1_GttN1    0.0194    0.0023          
   GbbN1_GttN1    0.0036    0.0004          
    GgN1_GttN1    0.0000    0.0000          
   GttN1_GttN1    0.0000    0.0000          
   GbbN1_GqqN1    0.0000    0.0000          
    GgN1_GqqN1    0.0000    0.0000          
   GbbN1_GbbN1    0.0000    0.0000          
    GbbN1_GgN1    0.0000    0.0000          
     GgN1_GgN1    0.0000    0.0000          
   GqqN1_GqqN1    0.0000    0.0000          
   #----  SRbC1  ----#
   Nobs:              456
   Nbg:               482.0(76.0)
   Nvis_UL[observed]: 83.2
       Process       Nev    R[obs]
         Total    0.5646    0.0068
   GqqN1_GttN1    0.4590    0.0055          
   GbbN1_GttN1    0.0934    0.0011          
   GbbN1_GbbN1    0.0121    0.0001          
   GttN1_GttN1    0.0001    0.0000          
    GgN1_GttN1    0.0000    0.0000          
   GbbN1_GqqN1    0.0000    0.0000          
    GgN1_GqqN1    0.0000    0.0000          
    GbbN1_GgN1    0.0000    0.0000          
     GgN1_GgN1    0.0000    0.0000          
   GqqN1_GqqN1    0.0000    0.0000          
   #----  SRbC2  ----#
   Nobs:              25
   Nbg:               25.0(18.0)
   Nvis_UL[observed]: 19.5
       Process       Nev    R[obs]
         Total    0.0943    0.0051
   GqqN1_GttN1    0.0596    0.0032          
   GbbN1_GttN1    0.0288    0.0015          
   GbbN1_GbbN1    0.0059    0.0003          
   GttN1_GttN1    0.0000    0.0000          
    GgN1_GttN1    0.0000    0.0000          
   GbbN1_GqqN1    0.0000    0.0000          
    GgN1_GqqN1    0.0000    0.0000          
    GbbN1_GgN1    0.0000    0.0000          
     GgN1_GgN1    0.0000    0.0000          
   GqqN1_GqqN1    0.0000    0.0000          
   #----  SRbC3  ----#
   Nobs:              6
   Nbg:               7.0(3.0)
   Nvis_UL[observed]: 7.6
       Process       Nev    R[obs]
         Total    0.0301    0.0036
   GqqN1_GttN1    0.0167    0.0020          
   GbbN1_GttN1    0.0089    0.0011          
   GbbN1_GbbN1    0.0045    0.0005          
   GttN1_GttN1    0.0000    0.0000          
    GgN1_GttN1    0.0000    0.0000          
   GbbN1_GqqN1    0.0000    0.0000          
    GgN1_GqqN1    0.0000    0.0000          
    GbbN1_GgN1    0.0000    0.0000          
     GgN1_GgN1    0.0000    0.0000          
   GqqN1_GqqN1    0.0000    0.0000          

------------------------------------------------------------
[ATLAS_CONF_2013_054]
0 leptons + >=7-10 jets + Etmiss [Incl. squarks & gluinos] at 8TeV with $20.3fb^{-1}$
http://arxiv.org/abs/1308.1841
Ecm/TeV = 8
lumi*fb = 20.3
   #----  7j80 flavor 1 b-jets  ----#
   Nobs:              17
   Nbg:               17.0(6.0)
   Nvis_UL[observed]: 16.0
       Process       Nev    R[obs]
         Total    0.0165    0.0010
   GbbN1_GbbN1    0.0079    0.0005          
   GqqN1_GttN1    0.0079    0.0005          
   GbbN1_GttN1    0.0007    0.0000          
   GttN1_GttN1    0.0000    0.0000          
    GbbN1_GgN1    0.0000    0.0000          
    GgN1_GttN1    0.0000    0.0000          
   GbbN1_GqqN1    0.0000    0.0000          
    GgN1_GqqN1    0.0000    0.0000          
     GgN1_GgN1    0.0000    0.0000          
   GqqN1_GqqN1    0.0000    0.0000          
   #----  7j80 flavor >=2 b-jets  ----#
   Nobs:              13
   Nbg:               25.0(10.0)
   Nvis_UL[observed]: 12.0
       Process       Nev    R[obs]
         Total    0.1839    0.0151
   GbbN1_GqqN1    0.1449    0.0119          
   GbbN1_GbbN1    0.0324    0.0027          
   GqqN1_GttN1    0.0040    0.0003          
   GbbN1_GttN1    0.0026    0.0002          
   GttN1_GttN1    0.0000    0.0000          
    GbbN1_GgN1    0.0000    0.0000          
    GgN1_GttN1    0.0000    0.0000          
    GgN1_GqqN1    0.0000    0.0000          
     GgN1_GgN1    0.0000    0.0000          
   GqqN1_GqqN1    0.0000    0.0000          
   #----  8j50 flavor 0 b-jets  ----#
   Nobs:              40
   Nbg:               35.0(4.0)
   Nvis_UL[observed]: 20.0
       Process       Nev    R[obs]
         Total    3.4912    0.1773
   GqqN1_GqqN1    3.1546    0.1602          
   GbbN1_GqqN1    0.2858    0.0145          
   GqqN1_GttN1    0.0439    0.0022          
   GbbN1_GbbN1    0.0051    0.0003          
   GbbN1_GttN1    0.0015    0.0001          
    GgN1_GqqN1    0.0001    0.0000          
   GttN1_GttN1    0.0000    0.0000          
    GgN1_GttN1    0.0000    0.0000          
     GgN1_GgN1    0.0000    0.0000          
    GbbN1_GgN1    0.0000    0.0000          
   #----  8j50 flavor 1 b-jets  ----#
   Nobs:              44
   Nbg:               40.0(10.0)
   Nvis_UL[observed]: 23.0
       Process       Nev    R[obs]
         Total    0.7283    0.0326
   GbbN1_GqqN1    0.6556    0.0294          
   GqqN1_GttN1    0.0400    0.0018          
   GbbN1_GbbN1    0.0256    0.0011          
   GbbN1_GttN1    0.0070    0.0003          
   GttN1_GttN1    0.0001    0.0000          
    GbbN1_GgN1    0.0000    0.0000          
    GgN1_GqqN1    0.0000    0.0000          
    GgN1_GttN1    0.0000    0.0000          
     GgN1_GgN1    0.0000    0.0000          
   GqqN1_GqqN1    0.0000    0.0000          
   #----  8j50 flavor >=2 b-jets  ----#
   Nobs:              44
   Nbg:               50.0(10.0)
   Nvis_UL[observed]: 22.0
       Process       Nev    R[obs]
         Total    0.4486    0.0201
   GbbN1_GqqN1    0.3340    0.0150          
   GbbN1_GbbN1    0.0703    0.0032          
   GqqN1_GttN1    0.0346    0.0016          
   GbbN1_GttN1    0.0095    0.0004          
   GttN1_GttN1    0.0001    0.0000          
    GbbN1_GgN1    0.0000    0.0000          
    GgN1_GttN1    0.0000    0.0000          
    GgN1_GqqN1    0.0000    0.0000          
     GgN1_GgN1    0.0000    0.0000          
   GqqN1_GqqN1    0.0000    0.0000          
   #----  9j50 flavor 0 b-jets  ----#
   Nobs:              5
   Nbg:               3.3(0.7)
   Nvis_UL[observed]: 7.0
       Process       Nev    R[obs]
         Total    0.4940    0.0716
   GqqN1_GqqN1    0.4882    0.0707          
   GqqN1_GttN1    0.0054    0.0008          
   GbbN1_GttN1    0.0004    0.0001          
    GgN1_GqqN1    0.0000    0.0000          
    GgN1_GttN1    0.0000    0.0000          
     GgN1_GgN1    0.0000    0.0000          
   GbbN1_GqqN1    0.0000    0.0000          
   GttN1_GttN1    0.0000    0.0000          
   GbbN1_GbbN1    0.0000    0.0000          
    GbbN1_GgN1    0.0000    0.0000          
   #----  9j50 flavor 1 b-jets  ----#
   Nobs:              8
   Nbg:               6.1(1.7)
   Nvis_UL[observed]: 9.0
       Process       Nev    R[obs]
         Total    0.0134    0.0015
   GqqN1_GttN1    0.0119    0.0014          
   GbbN1_GttN1    0.0014    0.0002          
   GttN1_GttN1    0.0000    0.0000          
    GbbN1_GgN1    0.0000    0.0000          
    GgN1_GttN1    0.0000    0.0000          
   GbbN1_GqqN1    0.0000    0.0000          
    GgN1_GqqN1    0.0000    0.0000          
   GbbN1_GbbN1    0.0000    0.0000          
     GgN1_GgN1    0.0000    0.0000          
   GqqN1_GqqN1    0.0000    0.0000          
   #----  9j50 flavor >=2 b-jets  ----#
   Nobs:              7
   Nbg:               8.0(2.7)
   Nvis_UL[observed]: 7.0
       Process       Nev    R[obs]
         Total    0.1108    0.0148
   GbbN1_GqqN1    0.0979    0.0130          
   GbbN1_GbbN1    0.0085    0.0011          
   GbbN1_GttN1    0.0031    0.0004          
   GqqN1_GttN1    0.0012    0.0002          
   GttN1_GttN1    0.0000    0.0000          
    GgN1_GttN1    0.0000    0.0000          
    GgN1_GqqN1    0.0000    0.0000          
    GbbN1_GgN1    0.0000    0.0000          
     GgN1_GgN1    0.0000    0.0000          
   GqqN1_GqqN1    0.0000    0.0000          
   #----  10j50 flavor  ----#
   Nobs:              3
   Nbg:               1.37(0.35)
   Nvis_UL[observed]: 6.0
       Process       Nev    R[obs]
         Total    0.0089    0.0015
   GqqN1_GttN1    0.0081    0.0014          
   GbbN1_GttN1    0.0008    0.0001          
   GttN1_GttN1    0.0000    0.0000          
    GgN1_GttN1    0.0000    0.0000          
   GbbN1_GqqN1    0.0000    0.0000          
    GgN1_GqqN1    0.0000    0.0000          
   GbbN1_GbbN1    0.0000    0.0000          
    GbbN1_GgN1    0.0000    0.0000          
     GgN1_GgN1    0.0000    0.0000          
   GqqN1_GqqN1    0.0000    0.0000          
   #----  7j80 flavor 0 b-jets  ----#
   Nobs:              12
   Nbg:               11.0(2.2)
   Nvis_UL[observed]: 10.0
       Process       Nev    R[obs]
         Total    1.4504    0.1429
   GqqN1_GqqN1    1.4437    0.1422          
   GqqN1_GttN1    0.0065    0.0006          
   GbbN1_GttN1    0.0002    0.0000          
    GgN1_GqqN1    0.0001    0.0000          
    GgN1_GttN1    0.0000    0.0000          
     GgN1_GgN1    0.0000    0.0000          
   GbbN1_GqqN1    0.0000    0.0000          
   GttN1_GttN1    0.0000    0.0000          
   GbbN1_GbbN1    0.0000    0.0000          
    GbbN1_GgN1    0.0000    0.0000          
   #----  8j80 flavor >=2 b-jets  ----#
   Nobs:              3
   Nbg:               3.3(2.2)
   Nvis_UL[observed]: 6.0
       Process       Nev    R[obs]
         Total    0.0013    0.0002
   GqqN1_GttN1    0.0010    0.0002          
   GbbN1_GttN1    0.0003    0.0000          
   GttN1_GttN1    0.0000    0.0000          
   GbbN1_GqqN1    0.0000    0.0000          
    GgN1_GttN1    0.0000    0.0000          
    GgN1_GqqN1    0.0000    0.0000          
   GbbN1_GbbN1    0.0000    0.0000          
    GbbN1_GgN1    0.0000    0.0000          
     GgN1_GgN1    0.0000    0.0000          
   GqqN1_GqqN1    0.0000    0.0000          
   #----  8j50 MJ 340  ----#
   Nobs:              69
   Nbg:               75.0(19.0)
   Nvis_UL[observed]: 35.0
       Process       Nev    R[obs]
         Total    0.6111    0.0177
   GqqN1_GqqN1    0.5541    0.0161          
   GqqN1_GttN1    0.0319    0.0009          
   GbbN1_GbbN1    0.0185    0.0005          
   GbbN1_GttN1    0.0065    0.0002          
   GttN1_GttN1    0.0001    0.0000          
    GgN1_GqqN1    0.0000    0.0000          
    GbbN1_GgN1    0.0000    0.0000          
    GgN1_GttN1    0.0000    0.0000          
     GgN1_GgN1    0.0000    0.0000          
   GbbN1_GqqN1    0.0000    0.0000          
   #----  8j80 flavor 0 b-jets  ----#
   Nobs:              2
   Nbg:               0.9(0.6)
   Nvis_UL[observed]: 5.0
       Process       Nev    R[obs]
         Total    0.0010    0.0002
   GqqN1_GttN1    0.0010    0.0002          
    GgN1_GttN1    0.0000    0.0000          
   GbbN1_GqqN1    0.0000    0.0000          
   GttN1_GttN1    0.0000    0.0000          
    GgN1_GqqN1    0.0000    0.0000          
   GbbN1_GbbN1    0.0000    0.0000          
    GbbN1_GgN1    0.0000    0.0000          
   GbbN1_GttN1    0.0000    0.0000          
     GgN1_GgN1    0.0000    0.0000          
   GqqN1_GqqN1    0.0000    0.0000          
   #----  8j80 flavor 1 b-jets  ----#
   Nobs:              1
   Nbg:               1.5(0.9)
   Nvis_UL[observed]: 3.5
       Process       Nev    R[obs]
         Total    0.0019    0.0005
   GqqN1_GttN1    0.0019    0.0005          
    GgN1_GttN1    0.0000    0.0000          
   GbbN1_GqqN1    0.0000    0.0000          
   GttN1_GttN1    0.0000    0.0000          
    GgN1_GqqN1    0.0000    0.0000          
   GbbN1_GbbN1    0.0000    0.0000          
    GbbN1_GgN1    0.0000    0.0000          
   GbbN1_GttN1    0.0000    0.0000          
     GgN1_GgN1    0.0000    0.0000          
   GqqN1_GqqN1    0.0000    0.0000          
   #----  9j50 MJ 420  ----#
   Nobs:              9
   Nbg:               11.0(5.0)
   Nvis_UL[observed]: 10.0
       Process       Nev    R[obs]
         Total    0.0052    0.0005
   GqqN1_GttN1    0.0038    0.0004          
   GbbN1_GttN1    0.0013    0.0001          
   GttN1_GttN1    0.0000    0.0000          
    GgN1_GttN1    0.0000    0.0000          
   GbbN1_GqqN1    0.0000    0.0000          
    GgN1_GqqN1    0.0000    0.0000          
   GbbN1_GbbN1    0.0000    0.0000          
    GbbN1_GgN1    0.0000    0.0000          
     GgN1_GgN1    0.0000    0.0000          
   GqqN1_GqqN1    0.0000    0.0000          
   #----  10j50 MJ 340  ----#
   Nobs:              1
   Nbg:               3.2(3.45)
   Nvis_UL[observed]: 4.0
       Process       Nev    R[obs]
         Total    0.0026    0.0006
   GqqN1_GttN1    0.0019    0.0005          
   GbbN1_GttN1    0.0006    0.0002          
   GttN1_GttN1    0.0000    0.0000          
    GgN1_GttN1    0.0000    0.0000          
   GbbN1_GqqN1    0.0000    0.0000          
    GgN1_GqqN1    0.0000    0.0000          
   GbbN1_GbbN1    0.0000    0.0000          
    GbbN1_GgN1    0.0000    0.0000          
     GgN1_GgN1    0.0000    0.0000          
   GqqN1_GqqN1    0.0000    0.0000          
   #----  8j50 MJ 420  ----#
   Nobs:              37
   Nbg:               45.0(14.0)
   Nvis_UL[observed]: 20.0
       Process       Nev    R[obs]
         Total    0.3015    0.0149
   GqqN1_GqqN1    0.2778    0.0137          
   GqqN1_GttN1    0.0115    0.0006          
   GbbN1_GbbN1    0.0096    0.0005          
   GbbN1_GttN1    0.0026    0.0001          
   GttN1_GttN1    0.0000    0.0000          
    GgN1_GqqN1    0.0000    0.0000          
    GbbN1_GgN1    0.0000    0.0000          
    GgN1_GttN1    0.0000    0.0000          
     GgN1_GgN1    0.0000    0.0000          
   GbbN1_GqqN1    0.0000    0.0000          
   #----  9j50 MJ 340  ----#
   Nobs:              13
   Nbg:               17.0(7.0)
   Nvis_UL[observed]: 11.0
       Process       Nev    R[obs]
         Total    0.0172    0.0017
   GqqN1_GttN1    0.0097    0.0010          
   GbbN1_GbbN1    0.0048    0.0005          
   GbbN1_GttN1    0.0027    0.0003          
   GttN1_GttN1    0.0000    0.0000          
    GbbN1_GgN1    0.0000    0.0000          
    GgN1_GttN1    0.0000    0.0000          
     GgN1_GgN1    0.0000    0.0000          
   GbbN1_GqqN1    0.0000    0.0000          
    GgN1_GqqN1    0.0000    0.0000          
   GqqN1_GqqN1    0.0000    0.0000          
   #----  10j50 MJ 420  ----#
   Nobs:              1
   Nbg:               2.2(2.0)
   Nvis_UL[observed]: 4.0
       Process       Nev    R[obs]
         Total    0.0003    0.0001
   GbbN1_GttN1    0.0003    0.0001          
   GttN1_GttN1    0.0000    0.0000          
   GbbN1_GqqN1    0.0000    0.0000          
    GgN1_GttN1    0.0000    0.0000          
    GgN1_GqqN1    0.0000    0.0000          
   GbbN1_GbbN1    0.0000    0.0000          
    GbbN1_GgN1    0.0000    0.0000          
   GqqN1_GttN1    0.0000    0.0000          
     GgN1_GgN1    0.0000    0.0000          
   GqqN1_GqqN1    0.0000    0.0000          

------------------------------------------------------------
[ATLAS_CONF_2013_035]
3 leptons + Etmiss [EW production] at 8 TeV with $20.7fb^{-1}$.
https://cds.cern.ch/record/1532426
Ecm/TeV = 8
lumi*fb = 20.7
   #----  SRnoZa  ----#
   Nobs:              101
   Nbg:               96.0(19.0)
   Nvis_UL[observed]: 41.8
       Process       Nev    R[obs]
         Total    0.0000    0.0000
   GbbN1_GqqN1    0.0000    0.0000          
    GgN1_GttN1    0.0000    0.0000          
   GttN1_GttN1       nan       nan          
    GgN1_GqqN1    0.0000    0.0000          
   GbbN1_GbbN1    0.0000    0.0000          
    GbbN1_GgN1    0.0000    0.0000          
   GqqN1_GttN1    0.0000    0.0000          
   GbbN1_GttN1    0.0000    0.0000          
     GgN1_GgN1    0.0000    0.0000          
   GqqN1_GqqN1    0.0000    0.0000          
   #----  SRnoZb  ----#
   Nobs:              32
   Nbg:               29.0(6.0)
   Nvis_UL[observed]: 18.0
       Process       Nev    R[obs]
         Total    0.0000    0.0000
   GbbN1_GqqN1    0.0000    0.0000          
    GgN1_GttN1    0.0000    0.0000          
   GttN1_GttN1       nan       nan          
    GgN1_GqqN1    0.0000    0.0000          
   GbbN1_GbbN1    0.0000    0.0000          
    GbbN1_GgN1    0.0000    0.0000          
   GqqN1_GttN1    0.0000    0.0000          
   GbbN1_GttN1    0.0000    0.0000          
     GgN1_GgN1    0.0000    0.0000          
   GqqN1_GqqN1    0.0000    0.0000          
   #----  SRnoZc  ----#
   Nobs:              5
   Nbg:               4.4(1.8)
   Nvis_UL[observed]: 6.8
       Process       Nev    R[obs]
         Total    0.0000    0.0000
   GbbN1_GqqN1    0.0000    0.0000          
    GgN1_GttN1    0.0000    0.0000          
   GttN1_GttN1       nan       nan          
    GgN1_GqqN1    0.0000    0.0000          
   GbbN1_GbbN1    0.0000    0.0000          
    GbbN1_GgN1    0.0000    0.0000          
   GqqN1_GttN1    0.0000    0.0000          
   GbbN1_GttN1    0.0000    0.0000          
     GgN1_GgN1    0.0000    0.0000          
   GqqN1_GqqN1    0.0000    0.0000          
   #----  SRZa  ----#
   Nobs:              273
   Nbg:               249.0(35.0)
   Nvis_UL[observed]: 83.7
       Process       Nev    R[obs]
         Total    0.0000    0.0000
   GbbN1_GqqN1    0.0000    0.0000          
    GgN1_GttN1    0.0000    0.0000          
   GttN1_GttN1       nan       nan          
    GgN1_GqqN1    0.0000    0.0000          
   GbbN1_GbbN1    0.0000    0.0000          
    GbbN1_GgN1    0.0000    0.0000          
   GqqN1_GttN1    0.0000    0.0000          
   GbbN1_GttN1    0.0000    0.0000          
     GgN1_GgN1    0.0000    0.0000          
   GqqN1_GqqN1    0.0000    0.0000          
   #----  SRZb  ----#
   Nobs:              23
   Nbg:               22.0(5.0)
   Nvis_UL[observed]: 13.9
       Process       Nev    R[obs]
         Total    0.0000    0.0000
   GbbN1_GqqN1    0.0000    0.0000          
    GgN1_GttN1    0.0000    0.0000          
   GttN1_GttN1       nan       nan          
    GgN1_GqqN1    0.0000    0.0000          
   GbbN1_GbbN1    0.0000    0.0000          
    GbbN1_GgN1    0.0000    0.0000          
   GqqN1_GttN1    0.0000    0.0000          
   GbbN1_GttN1    0.0000    0.0000          
     GgN1_GgN1    0.0000    0.0000          
   GqqN1_GqqN1    0.0000    0.0000          
   #----  SRZc  ----#
   Nobs:              6
   Nbg:               6.3(1.5)
   Nvis_UL[observed]: 6.5
       Process       Nev    R[obs]
         Total    0.0000    0.0000
   GbbN1_GqqN1    0.0000    0.0000          
    GgN1_GttN1    0.0000    0.0000          
   GttN1_GttN1       nan       nan          
    GgN1_GqqN1    0.0000    0.0000          
   GbbN1_GbbN1    0.0000    0.0000          
    GbbN1_GgN1    0.0000    0.0000          
   GqqN1_GttN1    0.0000    0.0000          
   GbbN1_GttN1    0.0000    0.0000          
     GgN1_GgN1    0.0000    0.0000          
   GqqN1_GqqN1    0.0000    0.0000          

------------------------------------------------------------
[ATLAS_CONF_2013_024]
0 lepton + 6 (2 b-)jets + Etmiss [Heavy stop] at 8TeV with $20.5fb^{-1}$
https://cds.cern.ch/record/1525880
Ecm/TeV = 8
lumi*fb = 20.5
   #----  SR1: MET > 200  ----#
   Nobs:              15
   Nbg:               17.5(3.2)
   Nvis_UL[observed]: 10.0
       Process       Nev    R[obs]
         Total    2.7371    0.2725
   GbbN1_GqqN1    2.2478    0.2238          
   GbbN1_GbbN1    0.3116    0.0310          
   GqqN1_GttN1    0.1463    0.0146          
   GbbN1_GttN1    0.0313    0.0031          
    GbbN1_GgN1    0.0001    0.0000          
   GttN1_GttN1    0.0000    0.0000          
    GgN1_GttN1    0.0000    0.0000          
    GgN1_GqqN1    0.0000    0.0000          
     GgN1_GgN1    0.0000    0.0000          
   GqqN1_GqqN1    0.0000    0.0000          
   #----  SR2: MET > 300  ----#
   Nobs:              2
   Nbg:               4.7(1.5)
   Nvis_UL[observed]: 3.6
       Process       Nev    R[obs]
         Total    0.8631    0.2477
   GbbN1_GqqN1    0.7189    0.2063          
   GbbN1_GbbN1    0.1012    0.0290          
   GqqN1_GttN1    0.0353    0.0101          
   GbbN1_GttN1    0.0077    0.0022          
    GbbN1_GgN1    0.0000    0.0000          
    GgN1_GttN1    0.0000    0.0000          
   GttN1_GttN1    0.0000    0.0000          
    GgN1_GqqN1    0.0000    0.0000          
     GgN1_GgN1    0.0000    0.0000          
   GqqN1_GqqN1    0.0000    0.0000          
   #----  SR3: MET > 350  ----#
   Nobs:              1
   Nbg:               2.7(1.2)
   Nvis_UL[observed]: 3.9
       Process       Nev    R[obs]
         Total    0.0701    0.0180
   GbbN1_GbbN1    0.0440    0.0113          
   GqqN1_GttN1    0.0220    0.0056          
   GbbN1_GttN1    0.0041    0.0010          
    GbbN1_GgN1    0.0000    0.0000          
    GgN1_GttN1    0.0000    0.0000          
   GbbN1_GqqN1    0.0000    0.0000          
   GttN1_GttN1    0.0000    0.0000          
    GgN1_GqqN1    0.0000    0.0000          
     GgN1_GgN1    0.0000    0.0000          
   GqqN1_GqqN1    0.0000    0.0000          

------------------------------------------------------------
[ATLAS_CONF_2013_049]
2 leptons + Etmiss [EW production] at 8 TeV with $20.3fb^{-1}$.
https://cds.cern.ch/record/1547565
Ecm/TeV = 8
lumi*fb = 20.3
   #----  WWc  ----#
   Nobs:              9
   Nbg:               7.4(1.5)
   Nvis_UL[observed]: 8.729
       Process       Nev    R[obs]
         Total    0.0000    0.0000
   GbbN1_GqqN1    0.0000    0.0000          
    GgN1_GttN1    0.0000    0.0000          
   GttN1_GttN1       nan       nan          
    GgN1_GqqN1    0.0000    0.0000          
   GbbN1_GbbN1    0.0000    0.0000          
    GbbN1_GgN1    0.0000    0.0000          
   GqqN1_GttN1    0.0000    0.0000          
   GbbN1_GttN1    0.0000    0.0000          
     GgN1_GgN1    0.0000    0.0000          
   GqqN1_GqqN1    0.0000    0.0000          
   #----  ee: mT2 > 90  ----#
   Nobs:              15
   Nbg:               16.6(2.3)
   Nvis_UL[observed]: 8.932
       Process       Nev    R[obs]
         Total    0.0000    0.0000
   GbbN1_GqqN1    0.0000    0.0000          
    GgN1_GttN1    0.0000    0.0000          
   GttN1_GttN1       nan       nan          
    GgN1_GqqN1    0.0000    0.0000          
   GbbN1_GbbN1    0.0000    0.0000          
    GbbN1_GgN1    0.0000    0.0000          
   GqqN1_GttN1    0.0000    0.0000          
   GbbN1_GttN1    0.0000    0.0000          
     GgN1_GgN1    0.0000    0.0000          
   GqqN1_GqqN1    0.0000    0.0000          
   #----  em: mT2 > 90  ----#
   Nobs:              19
   Nbg:               20.7(3.2)
   Nvis_UL[observed]: 10.353
       Process       Nev    R[obs]
         Total    0.0000    0.0000
   GbbN1_GqqN1    0.0000    0.0000          
    GgN1_GttN1    0.0000    0.0000          
   GttN1_GttN1       nan       nan          
    GgN1_GqqN1    0.0000    0.0000          
   GbbN1_GbbN1    0.0000    0.0000          
    GbbN1_GgN1    0.0000    0.0000          
   GqqN1_GttN1    0.0000    0.0000          
   GbbN1_GttN1    0.0000    0.0000          
     GgN1_GgN1    0.0000    0.0000          
   GqqN1_GqqN1    0.0000    0.0000          
   #----  mm: mT2 > 90  ----#
   Nobs:              19
   Nbg:               22.4(3.3)
   Nvis_UL[observed]: 9.541
       Process       Nev    R[obs]
         Total    0.0000    0.0000
   GbbN1_GqqN1    0.0000    0.0000          
    GgN1_GttN1    0.0000    0.0000          
   GttN1_GttN1       nan       nan          
    GgN1_GqqN1    0.0000    0.0000          
   GbbN1_GbbN1    0.0000    0.0000          
    GbbN1_GgN1    0.0000    0.0000          
   GqqN1_GttN1    0.0000    0.0000          
   GbbN1_GttN1    0.0000    0.0000          
     GgN1_GgN1    0.0000    0.0000          
   GqqN1_GqqN1    0.0000    0.0000          
   #----  ee: mT2 > 110  ----#
   Nobs:              4
   Nbg:               6.1(2.2)
   Nvis_UL[observed]: 5.481
       Process       Nev    R[obs]
         Total    0.0000    0.0000
   GbbN1_GqqN1    0.0000    0.0000          
    GgN1_GttN1    0.0000    0.0000          
   GttN1_GttN1       nan       nan          
    GgN1_GqqN1    0.0000    0.0000          
   GbbN1_GbbN1    0.0000    0.0000          
    GbbN1_GgN1    0.0000    0.0000          
   GqqN1_GttN1    0.0000    0.0000          
   GbbN1_GttN1    0.0000    0.0000          
     GgN1_GgN1    0.0000    0.0000          
   GqqN1_GqqN1    0.0000    0.0000          
   #----  em: mT2 > 110  ----#
   Nobs:              5
   Nbg:               4.4(2.0)
   Nvis_UL[observed]: 7.105
       Process       Nev    R[obs]
         Total    0.0000    0.0000
   GbbN1_GqqN1    0.0000    0.0000          
    GgN1_GttN1    0.0000    0.0000          
   GttN1_GttN1       nan       nan          
    GgN1_GqqN1    0.0000    0.0000          
   GbbN1_GbbN1    0.0000    0.0000          
    GbbN1_GgN1    0.0000    0.0000          
   GqqN1_GttN1    0.0000    0.0000          
   GbbN1_GttN1    0.0000    0.0000          
     GgN1_GgN1    0.0000    0.0000          
   GqqN1_GqqN1    0.0000    0.0000          
   #----  mm: mT2 > 110  ----#
   Nobs:              4
   Nbg:               6.3(2.4)
   Nvis_UL[observed]: 5.684
       Process       Nev    R[obs]
         Total    0.0000    0.0000
   GbbN1_GqqN1    0.0000    0.0000          
    GgN1_GttN1    0.0000    0.0000          
   GttN1_GttN1       nan       nan          
    GgN1_GqqN1    0.0000    0.0000          
   GbbN1_GbbN1    0.0000    0.0000          
    GbbN1_GgN1    0.0000    0.0000          
   GqqN1_GttN1    0.0000    0.0000          
   GbbN1_GttN1    0.0000    0.0000          
     GgN1_GgN1    0.0000    0.0000          
   GqqN1_GqqN1    0.0000    0.0000          
   #----  WWa  ----#
   Nobs:              123
   Nbg:               117.9(14.6)
   Nvis_UL[observed]: 39.382
       Process       Nev    R[obs]
         Total    0.0000    0.0000
   GbbN1_GqqN1    0.0000    0.0000          
    GgN1_GttN1    0.0000    0.0000          
   GttN1_GttN1       nan       nan          
    GgN1_GqqN1    0.0000    0.0000          
   GbbN1_GbbN1    0.0000    0.0000          
    GbbN1_GgN1    0.0000    0.0000          
   GqqN1_GttN1    0.0000    0.0000          
   GbbN1_GttN1    0.0000    0.0000          
     GgN1_GgN1    0.0000    0.0000          
   GqqN1_GqqN1    0.0000    0.0000          
   #----  WWb  ----#
   Nobs:              16
   Nbg:               13.6(2.3)
   Nvis_UL[observed]: 11.774
       Process       Nev    R[obs]
         Total    0.0000    0.0000
   GbbN1_GqqN1    0.0000    0.0000          
    GgN1_GttN1    0.0000    0.0000          
   GttN1_GttN1       nan       nan          
    GgN1_GqqN1    0.0000    0.0000          
   GbbN1_GbbN1    0.0000    0.0000          
    GbbN1_GgN1    0.0000    0.0000          
   GqqN1_GttN1    0.0000    0.0000          
   GbbN1_GttN1    0.0000    0.0000          
     GgN1_GgN1    0.0000    0.0000          
   GqqN1_GqqN1    0.0000    0.0000          

------------------------------------------------------------
[ATLAS_CONF_2013_048]
2 leptons (+ jets) + Etmiss [Medium stop] at 8 TeV with $20.3fb^{-1}$.
http://cds.cern.ch/record/1547564
Ecm/TeV = 8
lumi*fb = 20.3
   #----  SR M90  ----#
   Nobs:              260
   Nbg:               300.0(40.0)
   Nvis_UL[observed]: 50.75
       Process       Nev    R[obs]
         Total    0.0236    0.0005
   GttN1_GttN1       nan       nan          
   GqqN1_GttN1    0.0196    0.0004          
   GbbN1_GttN1    0.0040    0.0001          
    GgN1_GttN1    0.0000    0.0000          
   GbbN1_GqqN1    0.0000    0.0000          
    GgN1_GqqN1    0.0000    0.0000          
   GbbN1_GbbN1    0.0000    0.0000          
    GbbN1_GgN1    0.0000    0.0000          
     GgN1_GgN1    0.0000    0.0000          
   GqqN1_GqqN1    0.0000    0.0000          
   #----  SR M100  ----#
   Nobs:              3
   Nbg:               4.8(2.2)
   Nvis_UL[observed]: 5.481
       Process       Nev    R[obs]
         Total    0.0115    0.0021
   GttN1_GttN1       nan       nan          
   GqqN1_GttN1    0.0091    0.0017          
   GbbN1_GttN1    0.0024    0.0004          
    GgN1_GttN1    0.0000    0.0000          
   GbbN1_GqqN1    0.0000    0.0000          
    GgN1_GqqN1    0.0000    0.0000          
   GbbN1_GbbN1    0.0000    0.0000          
    GbbN1_GgN1    0.0000    0.0000          
     GgN1_GgN1    0.0000    0.0000          
   GqqN1_GqqN1    0.0000    0.0000          
   #----  SR M110  ----#
   Nobs:              7
   Nbg:               11.0(4.0)
   Nvis_UL[observed]: 8.12
       Process       Nev    R[obs]
         Total    0.0147    0.0018
   GttN1_GttN1       nan       nan          
   GqqN1_GttN1    0.0119    0.0015          
   GbbN1_GttN1    0.0027    0.0003          
    GgN1_GttN1    0.0000    0.0000          
   GbbN1_GqqN1    0.0000    0.0000          
    GgN1_GqqN1    0.0000    0.0000          
   GbbN1_GbbN1    0.0000    0.0000          
    GbbN1_GgN1    0.0000    0.0000          
     GgN1_GgN1    0.0000    0.0000          
   GqqN1_GqqN1    0.0000    0.0000          
   #----  SR M120  ----#
   Nobs:              3
   Nbg:               4.3(1.3)
   Nvis_UL[observed]: 4.669
       Process       Nev    R[obs]
         Total    0.0123    0.0026
   GttN1_GttN1       nan       nan          
   GqqN1_GttN1    0.0103    0.0022          
   GbbN1_GttN1    0.0020    0.0004          
    GgN1_GttN1    0.0000    0.0000          
   GbbN1_GqqN1    0.0000    0.0000          
    GgN1_GqqN1    0.0000    0.0000          
   GbbN1_GbbN1    0.0000    0.0000          
    GbbN1_GgN1    0.0000    0.0000          
     GgN1_GgN1    0.0000    0.0000          
   GqqN1_GqqN1    0.0000    0.0000          

------------------------------------------------------------
[ATLAS_CONF_2013_062]
1-2 leptons + 3-6 jets + Etmiss [Incl. squarks & gluinos, mUED] at 8TeV with $20.3fb^{-1}$
http://cds.cern.ch/record/1557779
Ecm/TeV = 8
lumi*fb = 20.3
   #----  incHL3j_m  ----#
   Nobs:              5
   Nbg:               2.7(0.9)
   Nvis_UL[observed]: 7.7
       Process       Nev    R[obs]
         Total    0.0000    0.0000
   GbbN1_GqqN1    0.0000    0.0000          
    GgN1_GttN1    0.0000    0.0000          
   GttN1_GttN1       nan       nan          
    GgN1_GqqN1    0.0000    0.0000          
   GbbN1_GbbN1    0.0000    0.0000          
    GbbN1_GgN1    0.0000    0.0000          
   GqqN1_GttN1    0.0000    0.0000          
   GbbN1_GttN1    0.0000    0.0000          
     GgN1_GgN1    0.0000    0.0000          
   GqqN1_GqqN1    0.0000    0.0000          
   #----  incHL5j_e  ----#
   Nobs:              4
   Nbg:               3.6(1.0)
   Nvis_UL[observed]: 6.0
       Process       Nev    R[obs]
         Total    0.0005    0.0001
   GttN1_GttN1       nan       nan          
   GbbN1_GttN1    0.0005    0.0001          
    GgN1_GttN1    0.0000    0.0000          
   GbbN1_GqqN1    0.0000    0.0000          
    GgN1_GqqN1    0.0000    0.0000          
   GbbN1_GbbN1    0.0000    0.0000          
    GbbN1_GgN1    0.0000    0.0000          
   GqqN1_GttN1    0.0000    0.0000          
     GgN1_GgN1    0.0000    0.0000          
   GqqN1_GqqN1    0.0000    0.0000          
   #----  SL1b_low  ----#
   Nobs:              8
   Nbg:               6.1(1.4)
   Nvis_UL[observed]: 8.8
       Process       Nev    R[obs]
         Total    0.0060    0.0007
   GttN1_GttN1       nan       nan          
   GqqN1_GttN1    0.0058    0.0007          
   GbbN1_GttN1    0.0002    0.0000          
    GgN1_GttN1    0.0000    0.0000          
   GbbN1_GqqN1    0.0000    0.0000          
    GgN1_GqqN1    0.0000    0.0000          
   GbbN1_GbbN1    0.0000    0.0000          
    GbbN1_GgN1    0.0000    0.0000          
     GgN1_GgN1    0.0000    0.0000          
   GqqN1_GqqN1    0.0000    0.0000          
   #----  SL1b_high  ----#
   Nobs:              6
   Nbg:               4.0(1.1)
   Nvis_UL[observed]: 7.9
       Process       Nev    R[obs]
         Total    0.0036    0.0005
   GttN1_GttN1       nan       nan          
   GqqN1_GttN1    0.0036    0.0005          
    GgN1_GttN1    0.0000    0.0000          
   GbbN1_GqqN1    0.0000    0.0000          
    GgN1_GqqN1    0.0000    0.0000          
   GbbN1_GbbN1    0.0000    0.0000          
    GbbN1_GgN1    0.0000    0.0000          
   GbbN1_GttN1    0.0000    0.0000          
     GgN1_GgN1    0.0000    0.0000          
   GqqN1_GqqN1    0.0000    0.0000          
   #----  SL2b_low  ----#
   Nobs:              24
   Nbg:               24.1(4.1)
   Nvis_UL[observed]: 13.4
       Process       Nev    R[obs]
         Total    0.0001    0.0000
   GttN1_GttN1       nan       nan          
   GbbN1_GttN1    0.0001    0.0000          
    GgN1_GttN1    0.0000    0.0000          
   GbbN1_GqqN1    0.0000    0.0000          
    GgN1_GqqN1    0.0000    0.0000          
   GbbN1_GbbN1    0.0000    0.0000          
    GbbN1_GgN1    0.0000    0.0000          
   GqqN1_GttN1    0.0000    0.0000          
     GgN1_GgN1    0.0000    0.0000          
   GqqN1_GqqN1    0.0000    0.0000          
   #----  SL2b_high  ----#
   Nobs:              3
   Nbg:               3.6(1.4)
   Nvis_UL[observed]: 5.3
       Process       Nev    R[obs]
         Total    0.0000    0.0000
    GgN1_GttN1    0.0000    0.0000          
   GbbN1_GqqN1    0.0000    0.0000          
   GttN1_GttN1       nan       nan          
    GgN1_GqqN1    0.0000    0.0000          
   GbbN1_GbbN1    0.0000    0.0000          
    GbbN1_GgN1    0.0000    0.0000          
   GqqN1_GttN1    0.0000    0.0000          
   GbbN1_GttN1    0.0000    0.0000          
     GgN1_GgN1    0.0000    0.0000          
   GqqN1_GqqN1    0.0000    0.0000          
   #----  SL3j  ----#
   Nobs:              7
   Nbg:               5.6(1.6)
   Nvis_UL[observed]: 8.1
       Process       Nev    R[obs]
         Total    0.0000    0.0000
    GgN1_GttN1    0.0000    0.0000          
   GbbN1_GqqN1    0.0000    0.0000          
   GttN1_GttN1       nan       nan          
    GgN1_GqqN1    0.0000    0.0000          
   GbbN1_GbbN1    0.0000    0.0000          
    GbbN1_GgN1    0.0000    0.0000          
   GqqN1_GttN1    0.0000    0.0000          
   GbbN1_GttN1    0.0000    0.0000          
     GgN1_GgN1    0.0000    0.0000          
   GqqN1_GqqN1    0.0000    0.0000          
   #----  SL5j  ----#
   Nobs:              9
   Nbg:               14.8(3.7)
   Nvis_UL[observed]: 7.1
       Process       Nev    R[obs]
         Total    0.0054    0.0008
   GttN1_GttN1       nan       nan          
   GqqN1_GttN1    0.0049    0.0007          
   GbbN1_GttN1    0.0005    0.0001          
    GgN1_GttN1    0.0000    0.0000          
   GbbN1_GqqN1    0.0000    0.0000          
    GgN1_GqqN1    0.0000    0.0000          
   GbbN1_GbbN1    0.0000    0.0000          
    GbbN1_GgN1    0.0000    0.0000          
     GgN1_GgN1    0.0000    0.0000          
   GqqN1_GqqN1    0.0000    0.0000          
   #----  SL2m  ----#
   Nobs:              7
   Nbg:               1.6(1.0)
   Nvis_UL[observed]: 11.5
       Process       Nev    R[obs]
         Total    0.0000    0.0000
   GbbN1_GqqN1    0.0000    0.0000          
    GgN1_GttN1    0.0000    0.0000          
   GttN1_GttN1       nan       nan          
    GgN1_GqqN1    0.0000    0.0000          
   GbbN1_GbbN1    0.0000    0.0000          
    GbbN1_GgN1    0.0000    0.0000          
   GqqN1_GttN1    0.0000    0.0000          
   GbbN1_GttN1    0.0000    0.0000          
     GgN1_GgN1    0.0000    0.0000          
   GqqN1_GqqN1    0.0000    0.0000          
   #----  incHL3j_e  ----#
   Nobs:              4
   Nbg:               3.9(1.0)
   Nvis_UL[observed]: 6.0
       Process       Nev    R[obs]
         Total    0.0002    0.0000
   GttN1_GttN1       nan       nan          
   GbbN1_GttN1    0.0002    0.0000          
    GgN1_GttN1    0.0000    0.0000          
   GbbN1_GqqN1    0.0000    0.0000          
    GgN1_GqqN1    0.0000    0.0000          
   GbbN1_GbbN1    0.0000    0.0000          
    GbbN1_GgN1    0.0000    0.0000          
   GqqN1_GttN1    0.0000    0.0000          
     GgN1_GgN1    0.0000    0.0000          
   GqqN1_GqqN1    0.0000    0.0000          
   #----  incHL6j_m  ----#
   Nobs:              0
   Nbg:               1.7(0.6)
   Nvis_UL[observed]: 3.0
       Process       Nev    R[obs]
         Total    0.0065    0.0021
   GttN1_GttN1       nan       nan          
   GqqN1_GttN1    0.0054    0.0018          
   GbbN1_GttN1    0.0011    0.0003          
    GgN1_GttN1    0.0000    0.0000          
   GbbN1_GqqN1    0.0000    0.0000          
    GgN1_GqqN1    0.0000    0.0000          
   GbbN1_GbbN1    0.0000    0.0000          
    GbbN1_GgN1    0.0000    0.0000          
     GgN1_GgN1    0.0000    0.0000          
   GqqN1_GqqN1    0.0000    0.0000          
   #----  incHL5j_m  ----#
   Nobs:              2
   Nbg:               2.5(0.8)
   Nvis_UL[observed]: 4.6
       Process       Nev    R[obs]
         Total    0.0021    0.0005
   GttN1_GttN1       nan       nan          
   GqqN1_GttN1    0.0017    0.0004          
   GbbN1_GttN1    0.0005    0.0001          
    GgN1_GttN1    0.0000    0.0000          
   GbbN1_GqqN1    0.0000    0.0000          
    GgN1_GqqN1    0.0000    0.0000          
   GbbN1_GbbN1    0.0000    0.0000          
    GbbN1_GgN1    0.0000    0.0000          
     GgN1_GgN1    0.0000    0.0000          
   GqqN1_GqqN1    0.0000    0.0000          
   #----  incHL6j_e  ----#
   Nobs:              2
   Nbg:               2.0(0.7)
   Nvis_UL[observed]: 4.6
       Process       Nev    R[obs]
         Total    0.0042    0.0009
   GttN1_GttN1       nan       nan          
   GqqN1_GttN1    0.0038    0.0008          
   GbbN1_GttN1    0.0004    0.0001          
    GgN1_GttN1    0.0000    0.0000          
   GbbN1_GqqN1    0.0000    0.0000          
    GgN1_GqqN1    0.0000    0.0000          
   GbbN1_GbbN1    0.0000    0.0000          
    GbbN1_GgN1    0.0000    0.0000          
     GgN1_GgN1    0.0000    0.0000          
   GqqN1_GqqN1    0.0000    0.0000          

------------------------------------------------------------
[ATLAS_CONF_2013_047]
0 leptons + 2-6 jets + Etmiss [Incl. squarks & gluinos] at 8TeV with $20.3fb^{-1}$
http://cds.cern.ch/record/1547563
Ecm/TeV = 8
lumi*fb = 20.3
   #----  E Medium  ----#
   Nobs:              41
   Nbg:               30.0(8.0)
   Nvis_UL[observed]: 28.6
       Process       Nev    R[obs]
         Total    8.9210    0.3117
   GttN1_GttN1       nan       nan          
   GqqN1_GqqN1    6.8027    0.2377          
   GbbN1_GqqN1    1.9300    0.0674          
   GbbN1_GbbN1    0.1350    0.0047          
   GqqN1_GttN1    0.0450    0.0016          
   GbbN1_GttN1    0.0080    0.0003          
    GgN1_GqqN1    0.0003    0.0000          
    GbbN1_GgN1    0.0000    0.0000          
    GgN1_GttN1    0.0000    0.0000          
     GgN1_GgN1    0.0000    0.0000          
   #----  E Tight  ----#
   Nobs:              5
   Nbg:               2.9(1.8)
   Nvis_UL[observed]: 8.3
       Process       Nev    R[obs]
         Total    0.9543    0.1147
   GttN1_GttN1       nan       nan          
   GqqN1_GqqN1    0.6903    0.0829          
   GbbN1_GqqN1    0.2441    0.0293          
   GbbN1_GbbN1    0.0143    0.0017          
   GqqN1_GttN1    0.0048    0.0006          
   GbbN1_GttN1    0.0007    0.0001          
    GgN1_GqqN1    0.0001    0.0000          
    GbbN1_GgN1    0.0000    0.0000          
    GgN1_GttN1    0.0000    0.0000          
     GgN1_GgN1    0.0000    0.0000          
   #----  A Loose  ----#
   Nobs:              5333
   Nbg:               4700.0(500.0)
   Nvis_UL[observed]: 1341.2
       Process       Nev    R[obs]
         Total  197.3338    0.1471
   GttN1_GttN1       nan       nan          
   GqqN1_GqqN1  134.7734    0.1005          
   GbbN1_GqqN1   58.6114    0.0437          
   GbbN1_GbbN1    3.3678    0.0025          
   GqqN1_GttN1    0.4813    0.0004          
   GbbN1_GttN1    0.0797    0.0001          
    GgN1_GqqN1    0.0175    0.0000          
    GbbN1_GgN1    0.0028    0.0000          
    GgN1_GttN1    0.0000    0.0000          
     GgN1_GgN1    0.0000    0.0000          
   #----  A Medium  ----#
   Nobs:              135
   Nbg:               122.0(18.0)
   Nvis_UL[observed]: 51.3
       Process       Nev    R[obs]
         Total    2.6862    0.0525
   GttN1_GttN1       nan       nan          
   GqqN1_GqqN1    2.0596    0.0403          
   GbbN1_GqqN1    0.5691    0.0111          
   GbbN1_GbbN1    0.0538    0.0011          
   GqqN1_GttN1    0.0029    0.0001          
   GbbN1_GttN1    0.0007    0.0000          
    GgN1_GqqN1    0.0002    0.0000          
    GbbN1_GgN1    0.0000    0.0000          
    GgN1_GttN1    0.0000    0.0000          
     GgN1_GgN1    0.0000    0.0000          
   #----  B Medium  ----#
   Nobs:              29
   Nbg:               33.0(7.0)
   Nvis_UL[observed]: 14.9
       Process       Nev    R[obs]
         Total    1.3392    0.0904
   GttN1_GttN1       nan       nan          
   GqqN1_GqqN1    1.0123    0.0683          
   GbbN1_GqqN1    0.3025    0.0204          
   GbbN1_GbbN1    0.0214    0.0014          
   GqqN1_GttN1    0.0026    0.0002          
   GbbN1_GttN1    0.0002    0.0000          
    GgN1_GqqN1    0.0001    0.0000          
    GbbN1_GgN1    0.0000    0.0000          
    GgN1_GttN1    0.0000    0.0000          
     GgN1_GgN1    0.0000    0.0000          
   #----  B Tight  ----#
   Nobs:              4
   Nbg:               2.4(1.4)
   Nvis_UL[observed]: 6.7
       Process       Nev    R[obs]
         Total    0.0000    0.0000
   GbbN1_GqqN1    0.0000    0.0000          
    GgN1_GttN1    0.0000    0.0000          
   GttN1_GttN1       nan       nan          
    GgN1_GqqN1    0.0000    0.0000          
   GbbN1_GbbN1    0.0000    0.0000          
    GbbN1_GgN1    0.0000    0.0000          
   GqqN1_GttN1    0.0000    0.0000          
   GbbN1_GttN1    0.0000    0.0000          
     GgN1_GgN1    0.0000    0.0000          
   GqqN1_GqqN1    0.0000    0.0000          
   #----  C Medium  ----#
   Nobs:              228
   Nbg:               210.0(40.0)
   Nvis_UL[observed]: 81.2
       Process       Nev    R[obs]
         Total   28.2733    0.3482
   GttN1_GttN1       nan       nan          
   GqqN1_GqqN1   21.3084    0.2624          
   GbbN1_GqqN1    6.3768    0.0785          
   GbbN1_GbbN1    0.4920    0.0061          
   GqqN1_GttN1    0.0806    0.0010          
   GbbN1_GttN1    0.0134    0.0002          
    GgN1_GqqN1    0.0018    0.0000          
    GbbN1_GgN1    0.0003    0.0000          
    GgN1_GttN1    0.0000    0.0000          
     GgN1_GgN1    0.0000    0.0000          
   #----  C Tight  ----#
   Nobs:              0
   Nbg:               1.6(1.4)
   Nvis_UL[observed]: 2.4
       Process       Nev    R[obs]
         Total    0.1264    0.0519
   GttN1_GttN1       nan       nan          
   GqqN1_GqqN1    0.1264    0.0519          
    GgN1_GqqN1    0.0000    0.0000          
    GbbN1_GgN1    0.0000    0.0000          
    GgN1_GttN1    0.0000    0.0000          
   GbbN1_GqqN1    0.0000    0.0000          
   GbbN1_GbbN1    0.0000    0.0000          
   GqqN1_GttN1    0.0000    0.0000          
   GbbN1_GttN1    0.0000    0.0000          
     GgN1_GgN1    0.0000    0.0000          
   #----  D  ----#
   Nobs:              18
   Nbg:               15.0(5.0)
   Nvis_UL[observed]: 15.5
       Process       Nev    R[obs]
         Total    2.7251    0.1743
   GttN1_GttN1       nan       nan          
   GqqN1_GqqN1    2.0516    0.1313          
   GbbN1_GqqN1    0.6182    0.0395          
   GbbN1_GbbN1    0.0467    0.0030          
   GqqN1_GttN1    0.0070    0.0004          
   GbbN1_GttN1    0.0015    0.0001          
    GgN1_GqqN1    0.0002    0.0000          
    GbbN1_GgN1    0.0000    0.0000          
    GgN1_GttN1    0.0000    0.0000          
     GgN1_GgN1    0.0000    0.0000          
   #----  E Loose  ----#
   Nobs:              166
   Nbg:               113.0(21.0)
   Nvis_UL[observed]: 92.4
       Process       Nev    R[obs]
         Total   30.5323    0.3306
   GttN1_GttN1       nan       nan          
   GqqN1_GqqN1   22.5912    0.2446          
   GbbN1_GqqN1    7.2058    0.0780          
   GbbN1_GbbN1    0.5334    0.0058          
   GqqN1_GttN1    0.1694    0.0018          
   GbbN1_GttN1    0.0312    0.0003          
    GgN1_GqqN1    0.0010    0.0000          
    GbbN1_GgN1    0.0002    0.0000          
    GgN1_GttN1    0.0000    0.0000          
     GgN1_GgN1    0.0000    0.0000          

------------------------------------------------------------
[ATLAS_CONF_2013_061]
0-1 leptons + >=3 b-jets + Etmiss [3rd gen. squarks] at 8TeV with $20.1fb^{-1}$
http://cds.cern.ch/record/1557778
Ecm/TeV = 8
lumi*fb = 20.1
   #----  SR-1l-6j-C  ----#
   Nobs:              0
   Nbg:               3.0(2.8)
   Nvis_UL[observed]: 3.0
       Process       Nev    R[obs]
         Total    0.0022    0.0007
   GbbN1_GttN1    0.0022    0.0007          
   GttN1_GttN1    0.0000    0.0000          
    GgN1_GttN1    0.0000    0.0000          
   GbbN1_GqqN1    0.0000    0.0000          
    GgN1_GqqN1    0.0000    0.0000          
   GbbN1_GbbN1    0.0000    0.0000          
    GbbN1_GgN1    0.0000    0.0000          
   GqqN1_GttN1    0.0000    0.0000          
     GgN1_GgN1    0.0000    0.0000          
   GqqN1_GqqN1    0.0000    0.0000          
   #----  SR-0l-4j-A  ----#
   Nobs:              2
   Nbg:               3.0(1.3)
   Nvis_UL[observed]: 4.6
       Process       Nev    R[obs]
         Total    0.2287    0.0495
   GbbN1_GbbN1    0.1165    0.0252          
   GbbN1_GqqN1    0.1071    0.0232          
   GqqN1_GttN1    0.0041    0.0009          
   GbbN1_GttN1    0.0011    0.0002          
    GbbN1_GgN1    0.0000    0.0000          
    GgN1_GttN1    0.0000    0.0000          
   GttN1_GttN1    0.0000    0.0000          
    GgN1_GqqN1    0.0000    0.0000          
     GgN1_GgN1    0.0000    0.0000          
   GqqN1_GqqN1    0.0000    0.0000          
   #----  SR-0l-4j-B  ----#
   Nobs:              3
   Nbg:               1.3(1.0)
   Nvis_UL[observed]: 6.7
       Process       Nev    R[obs]
         Total    0.1511    0.0228
   GbbN1_GbbN1    0.0876    0.0132          
   GbbN1_GqqN1    0.0605    0.0091          
   GbbN1_GttN1    0.0020    0.0003          
   GqqN1_GttN1    0.0010    0.0001          
    GbbN1_GgN1    0.0000    0.0000          
   GttN1_GttN1    0.0000    0.0000          
    GgN1_GttN1    0.0000    0.0000          
    GgN1_GqqN1    0.0000    0.0000          
     GgN1_GgN1    0.0000    0.0000          
   GqqN1_GqqN1    0.0000    0.0000          
   #----  SR-0l-4j-C  ----#
   Nobs:              2
   Nbg:               1.8(1.0)
   Nvis_UL[observed]: 4.8
       Process       Nev    R[obs]
         Total    0.0493    0.0102
   GbbN1_GbbN1    0.0469    0.0097          
   GbbN1_GttN1    0.0015    0.0003          
   GqqN1_GttN1    0.0009    0.0002          
    GbbN1_GgN1    0.0000    0.0000          
    GgN1_GttN1    0.0000    0.0000          
   GbbN1_GqqN1    0.0000    0.0000          
   GttN1_GttN1    0.0000    0.0000          
    GgN1_GqqN1    0.0000    0.0000          
     GgN1_GgN1    0.0000    0.0000          
   GqqN1_GqqN1    0.0000    0.0000          
   #----  SR-0l-7j-A  ----#
   Nobs:              22
   Nbg:               22.5(6.9)
   Nvis_UL[observed]: 15.3
       Process       Nev    R[obs]
         Total    0.8215    0.0538
   GbbN1_GqqN1    0.4176    0.0273          
   GbbN1_GbbN1    0.3682    0.0241          
   GqqN1_GttN1    0.0185    0.0012          
   GbbN1_GttN1    0.0172    0.0011          
   GttN1_GttN1    0.0000    0.0000          
    GbbN1_GgN1    0.0000    0.0000          
    GgN1_GttN1    0.0000    0.0000          
    GgN1_GqqN1    0.0000    0.0000          
     GgN1_GgN1    0.0000    0.0000          
   GqqN1_GqqN1    0.0000    0.0000          
   #----  SR-0l-7j-B  ----#
   Nobs:              3
   Nbg:               3.6(2.5)
   Nvis_UL[observed]: 6.1
       Process       Nev    R[obs]
         Total    0.1490    0.0247
   GbbN1_GbbN1    0.0879    0.0146          
   GbbN1_GqqN1    0.0523    0.0087          
   GqqN1_GttN1    0.0045    0.0007          
   GbbN1_GttN1    0.0043    0.0007          
   GttN1_GttN1    0.0000    0.0000          
    GbbN1_GgN1    0.0000    0.0000          
    GgN1_GttN1    0.0000    0.0000          
    GgN1_GqqN1    0.0000    0.0000          
     GgN1_GgN1    0.0000    0.0000          
   GqqN1_GqqN1    0.0000    0.0000          
   #----  SR-0l-7j-C  ----#
   Nobs:              1
   Nbg:               0.8(0.85)
   Nvis_UL[observed]: 3.9
       Process       Nev    R[obs]
         Total    0.0231    0.0060
   GbbN1_GbbN1    0.0209    0.0055          
   GbbN1_GttN1    0.0013    0.0004          
   GqqN1_GttN1    0.0008    0.0002          
    GgN1_GttN1    0.0000    0.0000          
   GbbN1_GqqN1    0.0000    0.0000          
   GttN1_GttN1    0.0000    0.0000          
    GgN1_GqqN1    0.0000    0.0000          
    GbbN1_GgN1    0.0000    0.0000          
     GgN1_GgN1    0.0000    0.0000          
   GqqN1_GqqN1    0.0000    0.0000          
   #----  SR-1l-6j-A  ----#
   Nobs:              7
   Nbg:               15.5(8.4)
   Nvis_UL[observed]: 6.6
       Process       Nev    R[obs]
         Total    0.0262    0.0039
   GbbN1_GttN1    0.0183    0.0028          
   GqqN1_GttN1    0.0078    0.0012          
   GttN1_GttN1    0.0001    0.0000          
    GgN1_GttN1    0.0000    0.0000          
   GbbN1_GqqN1    0.0000    0.0000          
    GgN1_GqqN1    0.0000    0.0000          
   GbbN1_GbbN1    0.0000    0.0000          
    GbbN1_GgN1    0.0000    0.0000          
     GgN1_GgN1    0.0000    0.0000          
   GqqN1_GqqN1    0.0000    0.0000          
   #----  SR-1l-6j-B  ----#
   Nobs:              0
   Nbg:               7.4(5.7)
   Nvis_UL[observed]: 3.0
       Process       Nev    R[obs]
         Total    0.0103    0.0034
   GbbN1_GttN1    0.0072    0.0024          
   GqqN1_GttN1    0.0031    0.0010          
   GttN1_GttN1    0.0000    0.0000          
    GgN1_GttN1    0.0000    0.0000          
   GbbN1_GqqN1    0.0000    0.0000          
    GgN1_GqqN1    0.0000    0.0000          
   GbbN1_GbbN1    0.0000    0.0000          
    GbbN1_GgN1    0.0000    0.0000          
     GgN1_GgN1    0.0000    0.0000          
   GqqN1_GqqN1    0.0000    0.0000          

------------------------------------------------------------
[ATLAS_CONF_2013_093]
1 lepton + bb(H) + Etmiss [EW production] at 8TeV with $20.3fb^{-1}$ 
https://cds.cern.ch/record/1595756
Ecm/TeV = 8
lumi*fb = 20.3
   #----  SRAh  ----#
   Nobs:              4
   Nbg:               5.4(3.1)
   Nvis_UL[observed]: 6.9
       Process       Nev    R[obs]
         Total    0.0000    0.0000
   GbbN1_GqqN1    0.0000    0.0000          
    GgN1_GttN1    0.0000    0.0000          
   GttN1_GttN1    0.0000    0.0000          
    GgN1_GqqN1    0.0000    0.0000          
   GbbN1_GbbN1    0.0000    0.0000          
    GbbN1_GgN1    0.0000    0.0000          
   GqqN1_GttN1    0.0000    0.0000          
   GbbN1_GttN1    0.0000    0.0000          
     GgN1_GgN1    0.0000    0.0000          
   GqqN1_GqqN1    0.0000    0.0000          
   #----  SRBh  ----#
   Nobs:              2
   Nbg:               2.1(0.7)
   Nvis_UL[observed]: 4.4
       Process       Nev    R[obs]
         Total    0.0001    0.0000
   GbbN1_GttN1    0.0001    0.0000          
    GgN1_GttN1    0.0000    0.0000          
   GbbN1_GqqN1    0.0000    0.0000          
   GttN1_GttN1    0.0000    0.0000          
    GgN1_GqqN1    0.0000    0.0000          
   GbbN1_GbbN1    0.0000    0.0000          
    GbbN1_GgN1    0.0000    0.0000          
   GqqN1_GttN1    0.0000    0.0000          
     GgN1_GgN1    0.0000    0.0000          
   GqqN1_GqqN1    0.0000    0.0000          

