#
#                               =====================
#                              | SuSpect 2.41 OUTPUT |
#                               =====================
#
#
#              -----------------------------------------------------
#              |  SUSY Les Houches Accord - MSSM Spectrum          |
#              |                                                   |
#              |                     SuSpect 2.41                  |
#              |                                                   |
#              |  Authors: A.Djouadi, J.-L. Kneur and G. Moultaka  |
#              |  Ref.:    hep-ph/0211331                          |
#              |                                                   |
#              -----------------------------------------------------
#
#
BLOCK SPINFO  # Spectrum Program information
     1   SuSpect     # RGE +Spectrum calculator
     2   2.41         # version number
# nothing to signal: output a priori reliable
#
BLOCK MODSEL  # Model selection
     1     0   #general MSSM low scale                            
#
BLOCK MINPAR  # Input parameters
         3     1.00000000E+01   #  tanbeta(mZ)        
BLOCK EXTPAR  # Input parameters
         0     5.46626952E+02   # EWSB scale          
         1     2.00000000E+02   #  M_1                
         2     4.00000000E+02   #  M_2                
         3     8.00000000E+02   #  M_3                
        11    -1.00000000E+03   #  A_t                
        12     0.00000000E+00   #  A_b                
        13     0.00000000E+00   #  A_tau              
        23     3.50000000E+02   #  mu(EWSB)           
        26     1.00000000E+03   #  MA_pole            
        31     5.00000000E+02   #  M_eL               
        32     5.00000000E+02   #  M_muL              
        33     5.00000000E+02   #  M_tauL             
        34     2.00000000E+02   #  M_eR               
        35     2.00000000E+02   #  M_muR              
        36     2.00000000E+02   #  M_tauR             
        41     1.00000000E+03   #  M_q1L              
        42     1.00000000E+03   #  M_q2L              
        43     1.00000000E+03   #  M_q3L              
        44     3.00000000E+02   #  M_uR               
        45     3.00000000E+02   #  M_cR               
        46     3.00000000E+02   #  M_tR               
        47     3.00000000E+02   #  M_dR               
        48     3.00000000E+02   #  M_sR               
        49     3.00000000E+02   #  M_bR               
#
BLOCK SMINPUTS  # Standard Model inputs
         1     1.27908970E+02   # alpha_em^-1(M_Z)^MSbar
         2     1.16637000E-05   # G_F [GeV^-2]
         3     1.17200000E-01   # alpha_S(M_Z)^MSbar
         4     9.11870000E+01   # M_Z pole mass
         5     4.23000000E+00   # mb(mb)^MSbar
         6     1.73500000E+02   # mt pole mass
         7     1.77700000E+00   # mtau pole mass
#
BLOCK MASS  # Mass Spectrum
# PDG code           mass       particle
        24     8.04816357E+01   # W+
        25     1.16856745E+02   # h
        35     1.00014598E+03   # H
        36     1.00000000E+03   # A
        37     1.00334338E+03   # H+
         5     4.85704173E+00   # b pole mass calculated from mb(mb)_MSbar
   1000001     1.01567927E+03   # ~d_L
   2000001     3.23465662E+02   # ~d_R
   1000002     1.01272464E+03   # ~u_L
   2000002     3.20293371E+02   # ~u_R
   1000003     1.01567927E+03   # ~s_L
   2000003     3.23465662E+02   # ~s_R
   1000004     1.01272464E+03   # ~c_L
   2000004     3.20293371E+02   # ~c_R
   1000005     3.23343787E+02   # ~b_1
   2000005     1.01572149E+03   # ~b_2
   1000006     3.26852384E+02   # ~t_1
   2000006     1.03553852E+03   # ~t_2
   1000011     5.02060815E+02   # ~e_L
   2000011     2.04729526E+02   # ~e_R
   1000012     4.96004797E+02   # ~nu_eL
   1000013     5.02060815E+02   # ~mu_L
   2000013     2.04729526E+02   # ~mu_R
   1000014     4.96004797E+02   # ~nu_muL
   1000015     2.04310770E+02   # ~tau_1
   2000015     5.02237671E+02   # ~tau_2
   1000016     4.96004797E+02   # ~nu_tauL
   1000021     8.25715432E+02   # ~g
   1000022     1.93244645E+02   # ~chi_10
   1000023     3.21011791E+02   # ~chi_20
   1000025    -3.55950652E+02   # ~chi_30
   1000035     4.53294946E+02   # ~chi_40
   1000024     3.16710099E+02   # ~chi_1+
   1000037     4.52779823E+02   # ~chi_2+
#
BLOCK SU_LOWPAR  # Values constrained by exp data 
         1     2.48055373E-05   # Delta rho parameter
         2     5.02415645E-10   # g_mu -2
         3     2.91384190E-04   # Br(b -> s gamma)
#
BLOCK SU_FINETUNE  # Fine-tuning info: fine-tuned if >>1
         1     3.06769728E+01   # delta mZ^2/mZ^2 (mu^2)
         2     5.00739901E+00   # delta mZ^2/mZ^2 (B.mu)
         3     1.53409980E+01   # delta mt/mt (mu^2)
         4     2.49359850E+00   # delta mt/mt  (B.mu)
#
BLOCK NMIX  # Neutralino Mixing Matrix
  1  1     9.70145535E-01   # N_11
  1  2    -5.19470508E-02   # N_12
  1  3     2.01524665E-01   # N_13
  1  4    -1.24526922E-01   # N_14
  2  1     2.24112696E-01   # N_21
  2  2     5.31735511E-01   # N_22
  2  3    -5.98274583E-01   # N_23
  2  4     5.55966158E-01   # N_24
  3  1     5.05341044E-02   # N_31
  3  2    -6.50078103E-02   # N_32
  3  3    -6.98988587E-01   # N_33
  3  4    -7.10376833E-01   # N_34
  4  1     7.77009968E-02   # N_41
  4  2    -8.42812455E-01   # N_42
  4  3    -3.35961736E-01   # N_43
  4  4     4.13230483E-01   # N_44
#
BLOCK UMIX  # Chargino Mixing Matrix U
  1  1    -4.71085690E-01   # U_11
  1  2     8.82087452E-01   # U_12
  2  1     8.82087452E-01   # U_21
  2  2     4.71085690E-01   # U_22
#
BLOCK VMIX  # Chargino Mixing Matrix V
  1  1    -5.80842895E-01   # V_11
  1  2     8.14015683E-01   # V_12
  2  1     8.14015683E-01   # V_21
  2  2     5.80842895E-01   # V_22
#
BLOCK STOPMIX  # Stop Mixing Matrix
  1  1     1.67634268E-01   # cos(theta_t)
  1  2     9.85849254E-01   # sin(theta_t)
  2  1    -9.85849254E-01   # -sin(theta_t)
  2  2     1.67634268E-01   # cos(theta_t)
#
BLOCK SBOTMIX  # Sbottom Mixing Matrix
  1  1     9.37300923E-03   # cos(theta_b)
  1  2     9.99956072E-01   # sin(theta_b)
  2  1    -9.99956072E-01   # -sin(theta_b)
  2  2     9.37300923E-03   # cos(theta_b)
#
BLOCK STAUMIX  # Stau Mixing Matrix
  1  1     2.87880388E-02   # cos(theta_tau)
  1  2     9.99585539E-01   # sin(theta_tau)
  2  1    -9.99585539E-01   # -sin(theta_tau)
  2  2     2.87880388E-02   # cos(theta_tau)
#
BLOCK ALPHA  # Higgs mixing
          -1.04374705E-01   # Mixing angle in the neutral Higgs boson sector
#
BLOCK HMIX Q=  5.46626952E+02  # DRbar Higgs Parameters
     1     3.50000000E+02   # mu(Q)
     2     9.72994542E+00   # tanbeta(Q)
     3     2.44676465E+02   # vev(Q)
     4     1.03724132E+06   # MA^2(Q)
#
BLOCK GAUGE Q=  5.46626952E+02  # The gauge couplings
     1     3.61426806E-01   # gprime(Q) DRbar
     2     6.42247181E-01   # g(Q) DRbar
     3     1.08460007E+00   # g_3(Q) DRbar
#
BLOCK Au Q=  5.46626952E+02  # The trilinear couplings
  1  1     0.00000000E+00   # A_u(Q) DRbar
  2  2     0.00000000E+00   # A_c(Q) DRbar
  3  3    -1.00000000E+03   # A_t(Q) DRbar
#
BLOCK Ad Q=  5.46626952E+02  # The trilinear couplings
  1  1     0.00000000E+00   # A_d(Q) DRbar
  2  2     0.00000000E+00   # A_s(Q) DRbar
  3  3     0.00000000E+00   # A_b(Q) DRbar
#
BLOCK Ae Q=  5.46626952E+02  # The trilinear couplings
  1  1     0.00000000E+00   # A_e(Q) DRbar
  2  2     0.00000000E+00   # A_mu(Q) DRbar
  3  3     0.00000000E+00   # A_tau(Q) DRbar
#
BLOCK Yu Q=  5.46626952E+02  # The Yukawa couplings
  3  3     8.72940427E-01   # y_top(Q) DRbar
#
BLOCK Yd Q=  5.46626952E+02  # The Yukawa couplings
  3  3     1.42038468E-01   # y_b(Q) DRbar
#
BLOCK Ye Q=  5.46626952E+02  # The Yukawa couplings
  3  3     1.00559676E-01   # y_tau(Q) DRbar
#
BLOCK MSOFT Q=  5.46626952E+02  # soft SUSY breaking masses at the scale Q
         1     2.00000000E+02   # M_1
         2     4.00000000E+02   # M_2
         3     8.00000000E+02   # M_3
        21     8.70171583E+05   # M^2_Hd
        22    -1.29833653E+05   # M^2_Hu
        31     5.00000000E+02   # M_eL
        32     5.00000000E+02   # M_muL
        33     5.00000000E+02   # M_tauL
        34     2.00000000E+02   # M_eR
        35     2.00000000E+02   # M_muR
        36     2.00000000E+02   # M_tauR
        41     1.00000000E+03   # M_q1L
        42     1.00000000E+03   # M_q2L
        43     1.00000000E+03   # M_q3L
        44     3.00000000E+02   # M_uR
        45     3.00000000E+02   # M_cR
        46     3.00000000E+02   # M_tR
        47     3.00000000E+02   # M_dR
        48     3.00000000E+02   # M_sR
        49     3.00000000E+02   # M_bR
