
##################################################
    Branching Ratio x Cross Section @ 8 TeV  
##################################################
--------------------------------------------------
Production:   Xsec/fb       Rate
     Total:  3153.960    100.00%
     T1_T1:     0.595      0.02%
     B1_B1:     0.019      0.00%
       G_G:  3153.328     99.98%
     T2_T2:     0.017      0.00%
--------------------------------------------------
Output processes upto 0.5%
              Process:  Br*Xsec/fb     Rate    Accum
  GqqC1qqN1_GqqC1qqN1:   192.28290    6.10%    6.10%
  GqqC1qqN1_GqqN2qqN1:   161.46874    5.12%   11.22%
      GqqC1qqN1_GqqN1:   159.67518    5.06%   16.28%
  GbtC1qqN1_GqqC1qqN1:   150.57137    4.77%   21.05%
  GbbN2qqN1_GqqC1qqN1:   131.56510    4.17%   25.22%
      GqqN1_GqqN2qqN1:    67.04327    2.13%   27.35%
  GbtC1qqN1_GqqN2qqN1:    63.22083    2.00%   29.35%
      GbtC1qqN1_GqqN1:    62.51858    1.98%   31.34%
  GqqC1mnN1_GqqC1qqN1:    62.51655    1.98%   33.32%
  GqqC1enN1_GqqC1qqN1:    62.51655    1.98%   35.30%
 GqqC1ntaN1_GqqC1qqN1:    62.29590    1.98%   37.28%
  GbbN2qqN1_GqqN2qqN1:    55.24062    1.75%   39.03%
      GbbN2qqN1_GqqN1:    54.62701    1.73%   40.76%
  GqqC1qqN1_GqqN2nnN1:    52.30146    1.66%   42.42%
  GbbN2qqN1_GbtC1qqN1:    51.51248    1.63%   44.05%
  GqqC1qqN1_GqqN2bbN1:    45.82657    1.45%   45.50%
      GqqC1qqN1_GttN1:    44.30527    1.40%   46.91%
  GbbN2nnN1_GqqC1qqN1:    42.61535    1.35%   48.26%
  GbbN2bbN1_GqqC1qqN1:    37.33959    1.18%   49.44%
      GbbN1_GqqC1qqN1:    35.55293    1.13%   50.57%
  GqqN2qqN1_GqqN2qqN1:    33.89817    1.07%   51.65%
          GqqN1_GqqN1:    33.14928    1.05%   52.70%  <== Implemented
  GbtC1qqN1_GbtC1qqN1:    29.47706    0.93%   53.63%
  GqqC1enN1_GqqN2qqN1:    26.24900    0.83%   54.46%
  GqqC1mnN1_GqqN2qqN1:    26.24900    0.83%   55.30%
 GqqC1ntaN1_GqqN2qqN1:    26.15636    0.83%   56.13%
      GqqC1enN1_GqqN1:    25.95743    0.82%   56.95%
      GqqC1mnN1_GqqN1:    25.95743    0.82%   57.77%
     GqqC1ntaN1_GqqN1:    25.86582    0.82%   58.59%
  GbtC1qqN1_GqqC1enN1:    24.47748    0.78%   59.37%
  GbtC1mnN1_GqqC1qqN1:    24.47748    0.78%   60.14%
  GbtC1qqN1_GqqC1mnN1:    24.47748    0.78%   60.92%
  GbtC1enN1_GqqC1qqN1:    24.47748    0.78%   61.70%
 GbtC1qqN1_GqqC1ntaN1:    24.39109    0.77%   62.47%
 GbtC1ntaN1_GqqC1qqN1:    24.39109    0.77%   63.24%
  GbbN2qqN1_GbbN2qqN1:    22.50509    0.71%   63.96%
  GqqN2nnN1_GqqN2qqN1:    21.95996    0.70%   64.65%
      GqqN1_GqqN2nnN1:    21.71604    0.69%   65.34%
  GbbN2qqN1_GqqC1mnN1:    21.38775    0.68%   66.02%
  GbbN2qqN1_GqqC1enN1:    21.38775    0.68%   66.70%
 GbbN2qqN1_GqqC1ntaN1:    21.31226    0.68%   67.37%
  GbtC1qqN1_GqqN2nnN1:    20.47791    0.65%   68.02%
  GqqN2bbN1_GqqN2qqN1:    19.24133    0.61%   68.63%
      GqqN1_GqqN2bbN1:    19.02760    0.60%   69.24%
      GqqN2qqN1_GttN1:    18.60258    0.59%   69.83%
          GqqN1_GttN1:    18.39595    0.58%   70.41%  <== Implemented
  GbtC1qqN1_GqqN2bbN1:    17.94275    0.57%   70.98%
  GbbN2qqN1_GqqN2nnN1:    17.89303    0.57%   71.54%
  GbbN2nnN1_GqqN2qqN1:    17.89303    0.57%   72.11%
      GbbN2nnN1_GqqN1:    17.69428    0.56%   72.67%
      GbtC1qqN1_GttN1:    17.34711    0.55%   73.22%
  GbbN2nnN1_GbtC1qqN1:    16.68544    0.53%   73.75%
  GbbN2qqN1_GqqN2bbN1:    15.67788    0.50%   74.25%
...


############################################################
                 Analyses Details 
############################################################
------------------------------------------------------------
[ATLAS_CONF_2013_053]
0 leptons + 2 b-jets + Etmiss [Sbottom/stop] at 8TeV with $20.1fb^{-1}$ 
http://arxiv.org/abs/1308.2631
Ecm/TeV = 8
lumi*fb = 20.1
   #----  SRA mCT150  ----#
   Nobs:              102
   Nbg:               94.0(13.0)
   Nvis_UL[observed]: 38.0
       Process       Nev    R[obs]
         Total    0.1975    0.0052
   GbbN1_GqqN1    0.1154    0.0030          
   GttN1_GttN1    0.0006    0.0000          
    GgN1_GttN1    0.0000    0.0000          
    GgN1_GqqN1    0.0000    0.0000          
   B1bN1_B1bN1       nan       nan          
   GbbN1_GbbN1    0.0485    0.0013          
    GbbN1_GgN1    0.0001    0.0000          
   T1tN1_T1tN1    0.0000    0.0000          
   T2tN1_T2tN1       nan       nan          
   GqqN1_GttN1    0.0171    0.0004          
   GbbN1_GttN1    0.0157    0.0004          
     GgN1_GgN1    0.0000    0.0000          
   GqqN1_GqqN1    0.0000    0.0000          
   #----  SRA mCT200  ----#
   Nobs:              48
   Nbg:               39.0(6.0)
   Nvis_UL[observed]: 26.0
       Process       Nev    R[obs]
         Total    0.1277    0.0049
   GbbN1_GqqN1    0.0720    0.0028          
    GgN1_GttN1    0.0000    0.0000          
   GttN1_GttN1    0.0000    0.0000          
    GgN1_GqqN1    0.0000    0.0000          
   B1bN1_B1bN1       nan       nan          
   GbbN1_GbbN1    0.0354    0.0014          
    GbbN1_GgN1    0.0001    0.0000          
   T1tN1_T1tN1    0.0000    0.0000          
   T2tN1_T2tN1       nan       nan          
   GqqN1_GttN1    0.0108    0.0004          
   GbbN1_GttN1    0.0093    0.0004          
     GgN1_GgN1    0.0000    0.0000          
   GqqN1_GqqN1    0.0000    0.0000          
   #----  SRA mCT250  ----#
   Nobs:              14
   Nbg:               15.8(2.8)
   Nvis_UL[observed]: 9.0
       Process       Nev    R[obs]
         Total    0.0601    0.0066
   GbbN1_GqqN1    0.0354    0.0039          
   B1bN1_B1bN1       nan       nan          
   GbbN1_GbbN1    0.0218    0.0024          
   T1tN1_T1tN1    0.0000    0.0000          
   T2tN1_T2tN1       nan       nan          
   GbbN1_GttN1    0.0029    0.0003          
    GbbN1_GgN1    0.0001    0.0000          
    GgN1_GttN1    0.0000    0.0000          
   GttN1_GttN1    0.0000    0.0000          
    GgN1_GqqN1    0.0000    0.0000          
   GqqN1_GttN1    0.0000    0.0000          
     GgN1_GgN1    0.0000    0.0000          
   GqqN1_GqqN1    0.0000    0.0000          
   #----  SRA mCT300  ----#
   Nobs:              7
   Nbg:               5.9(1.1)
   Nvis_UL[observed]: 7.5
       Process       Nev    R[obs]
         Total    0.0271    0.0036
   GbbN1_GqqN1    0.0155    0.0021          
    GgN1_GttN1    0.0000    0.0000          
   GttN1_GttN1    0.0000    0.0000          
    GgN1_GqqN1    0.0000    0.0000          
   B1bN1_B1bN1       nan       nan          
   GbbN1_GbbN1    0.0115    0.0015          
    GbbN1_GgN1    0.0000    0.0000          
   T1tN1_T1tN1    0.0000    0.0000          
   T2tN1_T2tN1       nan       nan          
   GqqN1_GttN1    0.0000    0.0000          
   GbbN1_GttN1    0.0000    0.0000          
     GgN1_GgN1    0.0000    0.0000          
   GqqN1_GqqN1    0.0000    0.0000          
   #----  SRA mCT350  ----#
   Nobs:              3
   Nbg:               2.5(0.6)
   Nvis_UL[observed]: 5.2
       Process       Nev    R[obs]
         Total    0.0046    0.0009
   GbbN1_GqqN1    0.0000    0.0000          
    GgN1_GttN1    0.0000    0.0000          
   GttN1_GttN1    0.0000    0.0000          
    GgN1_GqqN1    0.0000    0.0000          
   B1bN1_B1bN1       nan       nan          
   GbbN1_GbbN1    0.0046    0.0009          
    GbbN1_GgN1    0.0000    0.0000          
   T1tN1_T1tN1    0.0000    0.0000          
   T2tN1_T2tN1       nan       nan          
   GqqN1_GttN1    0.0000    0.0000          
   GbbN1_GttN1    0.0000    0.0000          
     GgN1_GgN1    0.0000    0.0000          
   GqqN1_GqqN1    0.0000    0.0000          
   #----  SRB  ----#
   Nobs:              65
   Nbg:               64.0(10.0)
   Nvis_UL[observed]: 27.0
       Process       Nev    R[obs]
         Total    0.3097    0.0119
   GbbN1_GqqN1    0.2241    0.0086          
    GgN1_GttN1    0.0000    0.0000          
   GttN1_GttN1    0.0000    0.0000          
    GgN1_GqqN1    0.0000    0.0000          
   B1bN1_B1bN1       nan       nan          
   GbbN1_GbbN1    0.0429    0.0016          
    GbbN1_GgN1    0.0004    0.0000          
   T1tN1_T1tN1    0.0000    0.0000          
   T2tN1_T2tN1       nan       nan          
   GqqN1_GttN1    0.0346    0.0013          
   GbbN1_GttN1    0.0077    0.0003          
     GgN1_GgN1    0.0000    0.0000          
   GqqN1_GqqN1    0.0000    0.0000          

------------------------------------------------------------
[ATLAS_CONF_2013_037]
1 lepton + 4(1 b-)jets + Etmiss [Medium / heavy stop] at 8TeV with $20.7fb^{-1}$
https://cds.cern.ch/record/1532431
Ecm/TeV = 8
lumi*fb = 20.7
   #----  SRtN2  ----#
   Nobs:              14
   Nbg:               13.0(3.0)
   Nvis_UL[observed]: 10.7
       Process       Nev    R[obs]
         Total    1.3231    0.1278
   B1bN1_B1bN1       nan       nan          
   T1tN1_T1tN1    0.0000    0.0000          
   T2tN1_T2tN1       nan       nan          
   GqqN1_GttN1    0.9841    0.0951          
   GbbN1_GttN1    0.3126    0.0302          
   GttN1_GttN1    0.0258    0.0025          
    GgN1_GttN1    0.0006    0.0001          
   GbbN1_GqqN1    0.0000    0.0000          
    GgN1_GqqN1    0.0000    0.0000          
   GbbN1_GbbN1    0.0000    0.0000          
    GbbN1_GgN1    0.0000    0.0000          
     GgN1_GgN1    0.0000    0.0000          
   GqqN1_GqqN1    0.0000    0.0000          
   #----  SRtN3  ----#
   Nobs:              7
   Nbg:               5.0(2.0)
   Nvis_UL[observed]: 8.5
       Process       Nev    R[obs]
         Total    0.7423    0.0896
   B1bN1_B1bN1       nan       nan          
   T1tN1_T1tN1    0.0000    0.0000          
   T2tN1_T2tN1       nan       nan          
   GqqN1_GttN1    0.5490    0.0663          
   GbbN1_GttN1    0.1823    0.0220          
   GttN1_GttN1    0.0105    0.0013          
    GgN1_GttN1    0.0004    0.0000          
   GbbN1_GqqN1    0.0000    0.0000          
    GgN1_GqqN1    0.0000    0.0000          
   GbbN1_GbbN1    0.0000    0.0000          
    GbbN1_GgN1    0.0000    0.0000          
     GgN1_GgN1    0.0000    0.0000          
   GqqN1_GqqN1    0.0000    0.0000          
   #----  SRbC1  ----#
   Nobs:              456
   Nbg:               482.0(76.0)
   Nvis_UL[observed]: 83.2
       Process       Nev    R[obs]
         Total   11.1298    0.1344
   B1bN1_B1bN1       nan       nan          
   T1tN1_T1tN1    0.0001    0.0000          
   T2tN1_T2tN1       nan       nan          
   GqqN1_GttN1    8.3137    0.1004          
   GbbN1_GttN1    2.3525    0.0284          
   GttN1_GttN1    0.4407    0.0053          
   GbbN1_GqqN1    0.0152    0.0002          
   GbbN1_GbbN1    0.0043    0.0001          
    GgN1_GttN1    0.0034    0.0000          
    GgN1_GqqN1    0.0000    0.0000          
    GbbN1_GgN1    0.0000    0.0000          
     GgN1_GgN1    0.0000    0.0000          
   GqqN1_GqqN1    0.0000    0.0000          
   #----  SRbC2  ----#
   Nobs:              25
   Nbg:               25.0(18.0)
   Nvis_UL[observed]: 19.5
       Process       Nev    R[obs]
         Total    2.5862    0.1388
   B1bN1_B1bN1       nan       nan          
   T1tN1_T1tN1    0.0000    0.0000          
   T2tN1_T2tN1       nan       nan          
   GqqN1_GttN1    1.4034    0.0753          
   GbbN1_GttN1    1.0682    0.0573          
   GttN1_GttN1    0.1140    0.0061          
    GgN1_GttN1    0.0006    0.0000          
   GbbN1_GqqN1    0.0000    0.0000          
    GgN1_GqqN1    0.0000    0.0000          
   GbbN1_GbbN1    0.0000    0.0000          
    GbbN1_GgN1    0.0000    0.0000          
     GgN1_GgN1    0.0000    0.0000          
   GqqN1_GqqN1    0.0000    0.0000          
   #----  SRbC3  ----#
   Nobs:              6
   Nbg:               7.0(3.0)
   Nvis_UL[observed]: 7.6
       Process       Nev    R[obs]
         Total    0.9770    0.1180
   GttN1_GttN1    0.0407    0.0049          
    GgN1_GttN1    0.0002    0.0000          
   B1bN1_B1bN1       nan       nan          
   T2tN1_T2tN1       nan       nan          
   GbbN1_GttN1    0.4716    0.0570          
   GqqN1_GttN1    0.4645    0.0561          
   T1tN1_T1tN1    0.0000    0.0000          
   GbbN1_GqqN1    0.0000    0.0000          
    GgN1_GqqN1    0.0000    0.0000          
   GbbN1_GbbN1    0.0000    0.0000          
    GbbN1_GgN1    0.0000    0.0000          
     GgN1_GgN1    0.0000    0.0000          
   GqqN1_GqqN1    0.0000    0.0000          

------------------------------------------------------------
[ATLAS_CONF_2013_054]
0 leptons + >=7-10 jets + Etmiss [Incl. squarks & gluinos] at 8TeV with $20.3fb^{-1}$
http://arxiv.org/abs/1308.1841
Ecm/TeV = 8
lumi*fb = 20.3
   #----  7j80 flavor 1 b-jets  ----#
   Nobs:              17
   Nbg:               17.0(6.0)
   Nvis_UL[observed]: 16.0
       Process       Nev    R[obs]
         Total    0.5449    0.0336
   B1bN1_B1bN1       nan       nan          
   T2tN1_T2tN1       nan       nan          
   GqqN1_GttN1    0.3459    0.0213          
   GbbN1_GqqN1    0.0707    0.0044          
   GqqN1_GqqN1    0.0489    0.0030          
   GbbN1_GttN1    0.0416    0.0026          
   GttN1_GttN1    0.0284    0.0017          
   GbbN1_GbbN1    0.0094    0.0006          
    GgN1_GttN1    0.0000    0.0000          
    GbbN1_GgN1    0.0000    0.0000          
   T1tN1_T1tN1    0.0000    0.0000          
    GgN1_GqqN1    0.0000    0.0000          
     GgN1_GgN1    0.0000    0.0000          
   #----  7j80 flavor >=2 b-jets  ----#
   Nobs:              13
   Nbg:               25.0(10.0)
   Nvis_UL[observed]: 12.0
       Process       Nev    R[obs]
         Total    0.4847    0.0398
   GbbN1_GqqN1    0.0831    0.0068          
   GttN1_GttN1    0.0630    0.0052          
    GgN1_GttN1    0.0000    0.0000          
    GgN1_GqqN1    0.0000    0.0000          
   B1bN1_B1bN1       nan       nan          
   GbbN1_GbbN1    0.0229    0.0019          
    GbbN1_GgN1    0.0000    0.0000          
   T1tN1_T1tN1    0.0000    0.0000          
   T2tN1_T2tN1       nan       nan          
   GqqN1_GttN1    0.2117    0.0174          
   GbbN1_GttN1    0.1039    0.0085          
     GgN1_GgN1    0.0000    0.0000          
   GqqN1_GqqN1    0.0000    0.0000          
   #----  8j50 flavor 0 b-jets  ----#
   Nobs:              40
   Nbg:               35.0(4.0)
   Nvis_UL[observed]: 20.0
       Process       Nev    R[obs]
         Total    2.6484    0.1345
   B1bN1_B1bN1       nan       nan          
   T2tN1_T2tN1       nan       nan          
   GqqN1_GqqN1    1.5587    0.0792          
   GqqN1_GttN1    0.8281    0.0421          
   GbbN1_GqqN1    0.1531    0.0078          
   GbbN1_GttN1    0.0558    0.0028          
   GttN1_GttN1    0.0452    0.0023          
   GbbN1_GbbN1    0.0069    0.0003          
    GgN1_GqqN1    0.0004    0.0000          
    GgN1_GttN1    0.0001    0.0000          
    GbbN1_GgN1    0.0000    0.0000          
   T1tN1_T1tN1    0.0000    0.0000          
     GgN1_GgN1    0.0000    0.0000          
   #----  8j50 flavor 1 b-jets  ----#
   Nobs:              44
   Nbg:               40.0(10.0)
   Nvis_UL[observed]: 23.0
       Process       Nev    R[obs]
         Total    2.2165    0.0993
   GbbN1_GqqN1    0.2483    0.0111          
   GttN1_GttN1    0.1578    0.0071          
   B1bN1_B1bN1       nan       nan          
   T2tN1_T2tN1       nan       nan          
   GqqN1_GttN1    1.4639    0.0656          
   GbbN1_GttN1    0.1818    0.0081          
   GqqN1_GqqN1    0.1478    0.0066          
   GbbN1_GbbN1    0.0167    0.0007          
    GgN1_GttN1    0.0002    0.0000          
    GbbN1_GgN1    0.0000    0.0000          
   T1tN1_T1tN1    0.0000    0.0000          
     GgN1_GgN1    0.0000    0.0000          
    GgN1_GqqN1    0.0000    0.0000          
   #----  8j50 flavor >=2 b-jets  ----#
   Nobs:              44
   Nbg:               50.0(10.0)
   Nvis_UL[observed]: 22.0
       Process       Nev    R[obs]
         Total    1.7884    0.0801
   GttN1_GttN1    0.3364    0.0151          
   GbbN1_GqqN1    0.1515    0.0068          
    GgN1_GttN1    0.0001    0.0000          
    GgN1_GqqN1    0.0000    0.0000          
   B1bN1_B1bN1       nan       nan          
   GbbN1_GbbN1    0.0439    0.0020          
    GbbN1_GgN1    0.0000    0.0000          
   T1tN1_T1tN1    0.0000    0.0000          
   T2tN1_T2tN1       nan       nan          
   GqqN1_GttN1    0.8528    0.0382          
   GbbN1_GttN1    0.4037    0.0181          
     GgN1_GgN1    0.0000    0.0000          
   GqqN1_GqqN1    0.0000    0.0000          
   #----  9j50 flavor 0 b-jets  ----#
   Nobs:              5
   Nbg:               3.3(0.7)
   Nvis_UL[observed]: 7.0
       Process       Nev    R[obs]
         Total    0.5077    0.0736
   GttN1_GttN1    0.0100    0.0015          
   B1bN1_B1bN1       nan       nan          
   T2tN1_T2tN1       nan       nan          
   GqqN1_GqqN1    0.3159    0.0458          
   GqqN1_GttN1    0.1721    0.0249          
   GbbN1_GttN1    0.0097    0.0014          
    GgN1_GqqN1    0.0001    0.0000          
    GgN1_GttN1    0.0000    0.0000          
   T1tN1_T1tN1    0.0000    0.0000          
   GbbN1_GqqN1    0.0000    0.0000          
   GbbN1_GbbN1    0.0000    0.0000          
    GbbN1_GgN1    0.0000    0.0000          
     GgN1_GgN1    0.0000    0.0000          
   #----  9j50 flavor 1 b-jets  ----#
   Nobs:              8
   Nbg:               6.1(1.7)
   Nvis_UL[observed]: 9.0
       Process       Nev    R[obs]
         Total    0.5217    0.0598
   GttN1_GttN1    0.0576    0.0066          
   GbbN1_GqqN1    0.0372    0.0043          
   B1bN1_B1bN1       nan       nan          
   T2tN1_T2tN1       nan       nan          
   GqqN1_GttN1    0.3632    0.0416          
   GbbN1_GttN1    0.0327    0.0037          
   GqqN1_GqqN1    0.0282    0.0032          
   GbbN1_GbbN1    0.0028    0.0003          
    GgN1_GttN1    0.0001    0.0000          
    GbbN1_GgN1    0.0000    0.0000          
   T1tN1_T1tN1    0.0000    0.0000          
    GgN1_GqqN1    0.0000    0.0000          
     GgN1_GgN1    0.0000    0.0000          
   #----  9j50 flavor >=2 b-jets  ----#
   Nobs:              7
   Nbg:               8.0(2.7)
   Nvis_UL[observed]: 7.0
       Process       Nev    R[obs]
         Total    0.4817    0.0641
   GttN1_GttN1    0.1238    0.0165          
   GbbN1_GqqN1    0.0376    0.0050          
    GgN1_GttN1    0.0000    0.0000          
    GgN1_GqqN1    0.0000    0.0000          
   B1bN1_B1bN1       nan       nan          
   GbbN1_GbbN1    0.0080    0.0011          
    GbbN1_GgN1    0.0000    0.0000          
   T1tN1_T1tN1    0.0000    0.0000          
   T2tN1_T2tN1       nan       nan          
   GqqN1_GttN1    0.2129    0.0284          
   GbbN1_GttN1    0.0993    0.0132          
     GgN1_GgN1    0.0000    0.0000          
   GqqN1_GqqN1    0.0000    0.0000          
   #----  10j50 flavor  ----#
   Nobs:              3
   Nbg:               1.37(0.35)
   Nvis_UL[observed]: 6.0
       Process       Nev    R[obs]
         Total    0.2558    0.0435
   GttN1_GttN1    0.0594    0.0101          
   B1bN1_B1bN1       nan       nan          
   T1tN1_T1tN1    0.0000    0.0000          
   T2tN1_T2tN1       nan       nan          
   GqqN1_GttN1    0.1563    0.0266          
   GbbN1_GttN1    0.0382    0.0065          
   GbbN1_GbbN1    0.0019    0.0003          
    GgN1_GttN1    0.0000    0.0000          
   GbbN1_GqqN1    0.0000    0.0000          
    GgN1_GqqN1    0.0000    0.0000          
    GbbN1_GgN1    0.0000    0.0000          
     GgN1_GgN1    0.0000    0.0000          
   GqqN1_GqqN1    0.0000    0.0000          
   #----  7j80 flavor 0 b-jets  ----#
   Nobs:              12
   Nbg:               11.0(2.2)
   Nvis_UL[observed]: 10.0
       Process       Nev    R[obs]
         Total    1.1263    0.1110
   B1bN1_B1bN1       nan       nan          
   T2tN1_T2tN1       nan       nan          
   GqqN1_GqqN1    0.8372    0.0825          
   GqqN1_GttN1    0.2038    0.0201          
   GbbN1_GqqN1    0.0680    0.0067          
   GbbN1_GttN1    0.0150    0.0015          
   GbbN1_GbbN1    0.0020    0.0002          
    GgN1_GqqN1    0.0002    0.0000          
    GgN1_GttN1    0.0000    0.0000          
    GbbN1_GgN1    0.0000    0.0000          
   T1tN1_T1tN1    0.0000    0.0000          
     GgN1_GgN1    0.0000    0.0000          
   GttN1_GttN1    0.0000    0.0000          
   #----  8j80 flavor >=2 b-jets  ----#
   Nobs:              3
   Nbg:               3.3(2.2)
   Nvis_UL[observed]: 6.0
       Process       Nev    R[obs]
         Total    0.0765    0.0122
   GttN1_GttN1    0.0175    0.0028          
   B1bN1_B1bN1       nan       nan          
   T1tN1_T1tN1    0.0000    0.0000          
   T2tN1_T2tN1       nan       nan          
   GqqN1_GttN1    0.0442    0.0070          
   GbbN1_GttN1    0.0131    0.0021          
   GbbN1_GbbN1    0.0017    0.0003          
   GbbN1_GqqN1    0.0000    0.0000          
    GgN1_GttN1    0.0000    0.0000          
    GgN1_GqqN1    0.0000    0.0000          
    GbbN1_GgN1    0.0000    0.0000          
     GgN1_GgN1    0.0000    0.0000          
   GqqN1_GqqN1    0.0000    0.0000          
   #----  8j50 MJ 340  ----#
   Nobs:              69
   Nbg:               75.0(19.0)
   Nvis_UL[observed]: 35.0
       Process       Nev    R[obs]
         Total    2.2432    0.0650
   GttN1_GttN1    0.2243    0.0065          
   B1bN1_B1bN1       nan       nan          
   T2tN1_T2tN1       nan       nan          
   GqqN1_GttN1    1.0714    0.0310          
   GqqN1_GqqN1    0.5022    0.0146          
   GbbN1_GttN1    0.2184    0.0063          
   GbbN1_GqqN1    0.2047    0.0059          
   GbbN1_GbbN1    0.0217    0.0006          
    GgN1_GttN1    0.0002    0.0000          
    GgN1_GqqN1    0.0001    0.0000          
    GbbN1_GgN1    0.0000    0.0000          
   T1tN1_T1tN1    0.0000    0.0000          
     GgN1_GgN1    0.0000    0.0000          
   #----  8j80 flavor 0 b-jets  ----#
   Nobs:              2
   Nbg:               0.9(0.6)
   Nvis_UL[observed]: 5.0
       Process       Nev    R[obs]
         Total    0.1467    0.0301
    GgN1_GqqN1    0.0000    0.0000          
   B1bN1_B1bN1       nan       nan          
   T2tN1_T2tN1       nan       nan          
   GqqN1_GqqN1    0.1084    0.0223          
   GqqN1_GttN1    0.0382    0.0078          
   T1tN1_T1tN1    0.0000    0.0000          
   GbbN1_GqqN1    0.0000    0.0000          
    GgN1_GttN1    0.0000    0.0000          
   GttN1_GttN1    0.0000    0.0000          
   GbbN1_GbbN1    0.0000    0.0000          
    GbbN1_GgN1    0.0000    0.0000          
   GbbN1_GttN1    0.0000    0.0000          
     GgN1_GgN1    0.0000    0.0000          
   #----  8j80 flavor 1 b-jets  ----#
   Nobs:              1
   Nbg:               1.5(0.9)
   Nvis_UL[observed]: 3.5
       Process       Nev    R[obs]
         Total    0.0359    0.0104
   GbbN1_GqqN1    0.0204    0.0059          
   B1bN1_B1bN1       nan       nan          
   GbbN1_GbbN1    0.0021    0.0006          
   T1tN1_T1tN1    0.0000    0.0000          
   T2tN1_T2tN1       nan       nan          
   GbbN1_GttN1    0.0070    0.0020          
   GttN1_GttN1    0.0064    0.0018          
    GgN1_GttN1    0.0000    0.0000          
    GgN1_GqqN1    0.0000    0.0000          
    GbbN1_GgN1    0.0000    0.0000          
   GqqN1_GttN1    0.0000    0.0000          
     GgN1_GgN1    0.0000    0.0000          
   GqqN1_GqqN1    0.0000    0.0000          
   #----  9j50 MJ 420  ----#
   Nobs:              9
   Nbg:               11.0(5.0)
   Nvis_UL[observed]: 10.0
       Process       Nev    R[obs]
         Total    0.1649    0.0162
   GttN1_GttN1    0.0566    0.0056          
   GbbN1_GqqN1    0.0254    0.0025          
   B1bN1_B1bN1       nan       nan          
   T2tN1_T2tN1       nan       nan          
   GqqN1_GqqN1    0.0409    0.0040          
   GbbN1_GttN1    0.0395    0.0039          
   GbbN1_GbbN1    0.0025    0.0002          
    GgN1_GttN1    0.0000    0.0000          
    GgN1_GqqN1    0.0000    0.0000          
    GbbN1_GgN1    0.0000    0.0000          
   T1tN1_T1tN1    0.0000    0.0000          
   GqqN1_GttN1    0.0000    0.0000          
     GgN1_GgN1    0.0000    0.0000          
   #----  10j50 MJ 340  ----#
   Nobs:              1
   Nbg:               3.2(3.45)
   Nvis_UL[observed]: 4.0
       Process       Nev    R[obs]
         Total    0.1724    0.0425
   GttN1_GttN1    0.0323    0.0080          
   B1bN1_B1bN1       nan       nan          
   T1tN1_T1tN1    0.0000    0.0000          
   T2tN1_T2tN1       nan       nan          
   GqqN1_GttN1    0.1146    0.0282          
   GbbN1_GttN1    0.0238    0.0059          
   GbbN1_GbbN1    0.0016    0.0004          
    GgN1_GttN1    0.0000    0.0000          
   GbbN1_GqqN1    0.0000    0.0000          
    GgN1_GqqN1    0.0000    0.0000          
    GbbN1_GgN1    0.0000    0.0000          
     GgN1_GgN1    0.0000    0.0000          
   GqqN1_GqqN1    0.0000    0.0000          
   #----  8j50 MJ 420  ----#
   Nobs:              37
   Nbg:               45.0(14.0)
   Nvis_UL[observed]: 20.0
       Process       Nev    R[obs]
         Total    0.8507    0.0419
   GttN1_GttN1    0.1053    0.0052          
   B1bN1_B1bN1       nan       nan          
   T2tN1_T2tN1       nan       nan          
   GqqN1_GttN1    0.3839    0.0189          
   GqqN1_GqqN1    0.1896    0.0093          
   GbbN1_GttN1    0.0872    0.0043          
   GbbN1_GqqN1    0.0748    0.0037          
   GbbN1_GbbN1    0.0097    0.0005          
    GgN1_GttN1    0.0001    0.0000          
    GgN1_GqqN1    0.0001    0.0000          
    GbbN1_GgN1    0.0000    0.0000          
   T1tN1_T1tN1    0.0000    0.0000          
     GgN1_GgN1    0.0000    0.0000          
   #----  9j50 MJ 340  ----#
   Nobs:              13
   Nbg:               17.0(7.0)
   Nvis_UL[observed]: 11.0
       Process       Nev    R[obs]
         Total    0.7616    0.0750
   GttN1_GttN1    0.1062    0.0105          
   B1bN1_B1bN1       nan       nan          
   T2tN1_T2tN1       nan       nan          
   GqqN1_GttN1    0.3898    0.0384          
   GqqN1_GqqN1    0.1160    0.0114          
   GbbN1_GttN1    0.0784    0.0077          
   GbbN1_GqqN1    0.0655    0.0065          
   GbbN1_GbbN1    0.0056    0.0006          
    GgN1_GttN1    0.0001    0.0000          
    GgN1_GqqN1    0.0000    0.0000          
    GbbN1_GgN1    0.0000    0.0000          
   T1tN1_T1tN1    0.0000    0.0000          
     GgN1_GgN1    0.0000    0.0000          
   #----  10j50 MJ 420  ----#
   Nobs:              1
   Nbg:               2.2(2.0)
   Nvis_UL[observed]: 4.0
       Process       Nev    R[obs]
         Total    0.0358    0.0088
   GttN1_GttN1    0.0204    0.0050          
   B1bN1_B1bN1       nan       nan          
   GbbN1_GbbN1    0.0014    0.0003          
   T1tN1_T1tN1    0.0000    0.0000          
   T2tN1_T2tN1       nan       nan          
   GbbN1_GttN1    0.0140    0.0034          
   GbbN1_GqqN1    0.0000    0.0000          
    GgN1_GttN1    0.0000    0.0000          
    GgN1_GqqN1    0.0000    0.0000          
    GbbN1_GgN1    0.0000    0.0000          
   GqqN1_GttN1    0.0000    0.0000          
     GgN1_GgN1    0.0000    0.0000          
   GqqN1_GqqN1    0.0000    0.0000          

------------------------------------------------------------
[ATLAS_CONF_2013_035]
3 leptons + Etmiss [EW production] at 8 TeV with $20.7fb^{-1}$.
https://cds.cern.ch/record/1532426
Ecm/TeV = 8
lumi*fb = 20.7
   #----  SRnoZa  ----#
   Nobs:              101
   Nbg:               96.0(19.0)
   Nvis_UL[observed]: 41.8
       Process       Nev    R[obs]
         Total    0.0000    0.0000
   GbbN1_GqqN1    0.0000    0.0000          
    GgN1_GttN1    0.0000    0.0000          
   GttN1_GttN1       nan       nan          
    GgN1_GqqN1    0.0000    0.0000          
   B1bN1_B1bN1       nan       nan          
   GbbN1_GbbN1    0.0000    0.0000          
    GbbN1_GgN1    0.0000    0.0000          
   T1tN1_T1tN1    0.0000    0.0000          
   T2tN1_T2tN1       nan       nan          
   GqqN1_GttN1    0.0000    0.0000          
   GbbN1_GttN1    0.0000    0.0000          
     GgN1_GgN1    0.0000    0.0000          
   GqqN1_GqqN1    0.0000    0.0000          
   #----  SRnoZb  ----#
   Nobs:              32
   Nbg:               29.0(6.0)
   Nvis_UL[observed]: 18.0
       Process       Nev    R[obs]
         Total    0.0000    0.0000
   GbbN1_GqqN1    0.0000    0.0000          
    GgN1_GttN1    0.0000    0.0000          
   GttN1_GttN1       nan       nan          
    GgN1_GqqN1    0.0000    0.0000          
   B1bN1_B1bN1       nan       nan          
   GbbN1_GbbN1    0.0000    0.0000          
    GbbN1_GgN1    0.0000    0.0000          
   T1tN1_T1tN1    0.0000    0.0000          
   T2tN1_T2tN1       nan       nan          
   GqqN1_GttN1    0.0000    0.0000          
   GbbN1_GttN1    0.0000    0.0000          
     GgN1_GgN1    0.0000    0.0000          
   GqqN1_GqqN1    0.0000    0.0000          
   #----  SRnoZc  ----#
   Nobs:              5
   Nbg:               4.4(1.8)
   Nvis_UL[observed]: 6.8
       Process       Nev    R[obs]
         Total    0.0000    0.0000
   GbbN1_GqqN1    0.0000    0.0000          
    GgN1_GttN1    0.0000    0.0000          
   GttN1_GttN1       nan       nan          
    GgN1_GqqN1    0.0000    0.0000          
   B1bN1_B1bN1       nan       nan          
   GbbN1_GbbN1    0.0000    0.0000          
    GbbN1_GgN1    0.0000    0.0000          
   T1tN1_T1tN1    0.0000    0.0000          
   T2tN1_T2tN1       nan       nan          
   GqqN1_GttN1    0.0000    0.0000          
   GbbN1_GttN1    0.0000    0.0000          
     GgN1_GgN1    0.0000    0.0000          
   GqqN1_GqqN1    0.0000    0.0000          
   #----  SRZa  ----#
   Nobs:              273
   Nbg:               249.0(35.0)
   Nvis_UL[observed]: 83.7
       Process       Nev    R[obs]
         Total    0.0000    0.0000
   GbbN1_GqqN1    0.0000    0.0000          
    GgN1_GttN1    0.0000    0.0000          
   GttN1_GttN1       nan       nan          
    GgN1_GqqN1    0.0000    0.0000          
   B1bN1_B1bN1       nan       nan          
   GbbN1_GbbN1    0.0000    0.0000          
    GbbN1_GgN1    0.0000    0.0000          
   T1tN1_T1tN1    0.0000    0.0000          
   T2tN1_T2tN1       nan       nan          
   GqqN1_GttN1    0.0000    0.0000          
   GbbN1_GttN1    0.0000    0.0000          
     GgN1_GgN1    0.0000    0.0000          
   GqqN1_GqqN1    0.0000    0.0000          
   #----  SRZb  ----#
   Nobs:              23
   Nbg:               22.0(5.0)
   Nvis_UL[observed]: 13.9
       Process       Nev    R[obs]
         Total    0.0000    0.0000
   GbbN1_GqqN1    0.0000    0.0000          
    GgN1_GttN1    0.0000    0.0000          
   GttN1_GttN1       nan       nan          
    GgN1_GqqN1    0.0000    0.0000          
   B1bN1_B1bN1       nan       nan          
   GbbN1_GbbN1    0.0000    0.0000          
    GbbN1_GgN1    0.0000    0.0000          
   T1tN1_T1tN1    0.0000    0.0000          
   T2tN1_T2tN1       nan       nan          
   GqqN1_GttN1    0.0000    0.0000          
   GbbN1_GttN1    0.0000    0.0000          
     GgN1_GgN1    0.0000    0.0000          
   GqqN1_GqqN1    0.0000    0.0000          
   #----  SRZc  ----#
   Nobs:              6
   Nbg:               6.3(1.5)
   Nvis_UL[observed]: 6.5
       Process       Nev    R[obs]
         Total    0.0000    0.0000
   GbbN1_GqqN1    0.0000    0.0000          
    GgN1_GttN1    0.0000    0.0000          
   GttN1_GttN1       nan       nan          
    GgN1_GqqN1    0.0000    0.0000          
   B1bN1_B1bN1       nan       nan          
   GbbN1_GbbN1    0.0000    0.0000          
    GbbN1_GgN1    0.0000    0.0000          
   T1tN1_T1tN1    0.0000    0.0000          
   T2tN1_T2tN1       nan       nan          
   GqqN1_GttN1    0.0000    0.0000          
   GbbN1_GttN1    0.0000    0.0000          
     GgN1_GgN1    0.0000    0.0000          
   GqqN1_GqqN1    0.0000    0.0000          

------------------------------------------------------------
[ATLAS_CONF_2013_024]
0 lepton + 6 (2 b-)jets + Etmiss [Heavy stop] at 8TeV with $20.5fb^{-1}$
https://cds.cern.ch/record/1525880
Ecm/TeV = 8
lumi*fb = 20.5
   #----  SR1: MET > 200  ----#
   Nobs:              15
   Nbg:               17.5(3.2)
   Nvis_UL[observed]: 10.0
       Process       Nev    R[obs]
         Total    5.0778    0.5055
   GbbN1_GqqN1    0.7048    0.0702          
   GttN1_GttN1    0.1100    0.0110          
    GgN1_GttN1    0.0010    0.0001          
    GgN1_GqqN1    0.0000    0.0000          
   B1bN1_B1bN1       nan       nan          
   GbbN1_GbbN1    0.1748    0.0174          
    GbbN1_GgN1    0.0002    0.0000          
   T1tN1_T1tN1    0.0000    0.0000          
   T2tN1_T2tN1       nan       nan          
   GqqN1_GttN1    3.0322    0.3019          
   GbbN1_GttN1    1.0549    0.1050          
     GgN1_GgN1    0.0000    0.0000          
   GqqN1_GqqN1    0.0000    0.0000          
   #----  SR2: MET > 300  ----#
   Nobs:              2
   Nbg:               4.7(1.5)
   Nvis_UL[observed]: 3.6
       Process       Nev    R[obs]
         Total    1.8849    0.5409
   GbbN1_GqqN1    0.2982    0.0856          
   GttN1_GttN1    0.0128    0.0037          
    GgN1_GttN1    0.0005    0.0002          
    GgN1_GqqN1    0.0000    0.0000          
   B1bN1_B1bN1       nan       nan          
   GbbN1_GbbN1    0.0882    0.0253          
    GbbN1_GgN1    0.0001    0.0000          
   T1tN1_T1tN1    0.0000    0.0000          
   T2tN1_T2tN1       nan       nan          
   GqqN1_GttN1    1.1082    0.3180          
   GbbN1_GttN1    0.3768    0.1081          
     GgN1_GgN1    0.0000    0.0000          
   GqqN1_GqqN1    0.0000    0.0000          
   #----  SR3: MET > 350  ----#
   Nobs:              1
   Nbg:               2.7(1.2)
   Nvis_UL[observed]: 3.9
       Process       Nev    R[obs]
         Total    0.9718    0.2495
   GbbN1_GqqN1    0.1756    0.0451          
    GgN1_GttN1    0.0003    0.0001          
   GttN1_GttN1    0.0000    0.0000          
    GgN1_GqqN1    0.0000    0.0000          
   B1bN1_B1bN1       nan       nan          
   GbbN1_GbbN1    0.0463    0.0119          
    GbbN1_GgN1    0.0001    0.0000          
   T1tN1_T1tN1    0.0000    0.0000          
   T2tN1_T2tN1       nan       nan          
   GqqN1_GttN1    0.5786    0.1486          
   GbbN1_GttN1    0.1709    0.0439          
     GgN1_GgN1    0.0000    0.0000          
   GqqN1_GqqN1    0.0000    0.0000          

------------------------------------------------------------
[ATLAS_CONF_2013_049]
2 leptons + Etmiss [EW production] at 8 TeV with $20.3fb^{-1}$.
https://cds.cern.ch/record/1547565
Ecm/TeV = 8
lumi*fb = 20.3
   #----  WWc  ----#
   Nobs:              9
   Nbg:               7.4(1.5)
   Nvis_UL[observed]: 8.729
       Process       Nev    R[obs]
         Total    0.0000    0.0000
   GbbN1_GqqN1    0.0000    0.0000          
    GgN1_GttN1    0.0000    0.0000          
   GttN1_GttN1       nan       nan          
    GgN1_GqqN1    0.0000    0.0000          
   B1bN1_B1bN1       nan       nan          
   GbbN1_GbbN1    0.0000    0.0000          
    GbbN1_GgN1    0.0000    0.0000          
   T1tN1_T1tN1    0.0000    0.0000          
   T2tN1_T2tN1       nan       nan          
   GqqN1_GttN1    0.0000    0.0000          
   GbbN1_GttN1    0.0000    0.0000          
     GgN1_GgN1    0.0000    0.0000          
   GqqN1_GqqN1    0.0000    0.0000          
   #----  ee: mT2 > 90  ----#
   Nobs:              15
   Nbg:               16.6(2.3)
   Nvis_UL[observed]: 8.932
       Process       Nev    R[obs]
         Total    0.0000    0.0000
   GbbN1_GqqN1    0.0000    0.0000          
    GgN1_GttN1    0.0000    0.0000          
   GttN1_GttN1       nan       nan          
    GgN1_GqqN1    0.0000    0.0000          
   B1bN1_B1bN1       nan       nan          
   GbbN1_GbbN1    0.0000    0.0000          
    GbbN1_GgN1    0.0000    0.0000          
   T1tN1_T1tN1    0.0000    0.0000          
   T2tN1_T2tN1       nan       nan          
   GqqN1_GttN1    0.0000    0.0000          
   GbbN1_GttN1    0.0000    0.0000          
     GgN1_GgN1    0.0000    0.0000          
   GqqN1_GqqN1    0.0000    0.0000          
   #----  em: mT2 > 90  ----#
   Nobs:              19
   Nbg:               20.7(3.2)
   Nvis_UL[observed]: 10.353
       Process       Nev    R[obs]
         Total    0.0000    0.0000
   GttN1_GttN1       nan       nan          
   B1bN1_B1bN1       nan       nan          
   T1tN1_T1tN1    0.0000    0.0000          
   GbbN1_GqqN1    0.0000    0.0000          
    GgN1_GttN1    0.0000    0.0000          
    GgN1_GqqN1    0.0000    0.0000          
   GbbN1_GbbN1    0.0000    0.0000          
    GbbN1_GgN1    0.0000    0.0000          
   T2tN1_T2tN1       nan       nan          
   GqqN1_GttN1    0.0000    0.0000          
   GbbN1_GttN1    0.0000    0.0000          
     GgN1_GgN1    0.0000    0.0000          
   GqqN1_GqqN1    0.0000    0.0000          
   #----  mm: mT2 > 90  ----#
   Nobs:              19
   Nbg:               22.4(3.3)
   Nvis_UL[observed]: 9.541
       Process       Nev    R[obs]
         Total    0.0000    0.0000
   GbbN1_GqqN1    0.0000    0.0000          
    GgN1_GttN1    0.0000    0.0000          
   GttN1_GttN1       nan       nan          
    GgN1_GqqN1    0.0000    0.0000          
   B1bN1_B1bN1       nan       nan          
   GbbN1_GbbN1    0.0000    0.0000          
    GbbN1_GgN1    0.0000    0.0000          
   T1tN1_T1tN1    0.0000    0.0000          
   T2tN1_T2tN1       nan       nan          
   GqqN1_GttN1    0.0000    0.0000          
   GbbN1_GttN1    0.0000    0.0000          
     GgN1_GgN1    0.0000    0.0000          
   GqqN1_GqqN1    0.0000    0.0000          
   #----  ee: mT2 > 110  ----#
   Nobs:              4
   Nbg:               6.1(2.2)
   Nvis_UL[observed]: 5.481
       Process       Nev    R[obs]
         Total    0.0000    0.0000
   GbbN1_GqqN1    0.0000    0.0000          
    GgN1_GttN1    0.0000    0.0000          
   GttN1_GttN1       nan       nan          
    GgN1_GqqN1    0.0000    0.0000          
   B1bN1_B1bN1       nan       nan          
   GbbN1_GbbN1    0.0000    0.0000          
    GbbN1_GgN1    0.0000    0.0000          
   T1tN1_T1tN1    0.0000    0.0000          
   T2tN1_T2tN1       nan       nan          
   GqqN1_GttN1    0.0000    0.0000          
   GbbN1_GttN1    0.0000    0.0000          
     GgN1_GgN1    0.0000    0.0000          
   GqqN1_GqqN1    0.0000    0.0000          
   #----  em: mT2 > 110  ----#
   Nobs:              5
   Nbg:               4.4(2.0)
   Nvis_UL[observed]: 7.105
       Process       Nev    R[obs]
         Total    0.0000    0.0000
   GttN1_GttN1       nan       nan          
   B1bN1_B1bN1       nan       nan          
   T1tN1_T1tN1    0.0000    0.0000          
   GbbN1_GqqN1    0.0000    0.0000          
    GgN1_GttN1    0.0000    0.0000          
    GgN1_GqqN1    0.0000    0.0000          
   GbbN1_GbbN1    0.0000    0.0000          
    GbbN1_GgN1    0.0000    0.0000          
   T2tN1_T2tN1       nan       nan          
   GqqN1_GttN1    0.0000    0.0000          
   GbbN1_GttN1    0.0000    0.0000          
     GgN1_GgN1    0.0000    0.0000          
   GqqN1_GqqN1    0.0000    0.0000          
   #----  mm: mT2 > 110  ----#
   Nobs:              4
   Nbg:               6.3(2.4)
   Nvis_UL[observed]: 5.684
       Process       Nev    R[obs]
         Total    0.0000    0.0000
   GbbN1_GqqN1    0.0000    0.0000          
    GgN1_GttN1    0.0000    0.0000          
   GttN1_GttN1       nan       nan          
    GgN1_GqqN1    0.0000    0.0000          
   B1bN1_B1bN1       nan       nan          
   GbbN1_GbbN1    0.0000    0.0000          
    GbbN1_GgN1    0.0000    0.0000          
   T1tN1_T1tN1    0.0000    0.0000          
   T2tN1_T2tN1       nan       nan          
   GqqN1_GttN1    0.0000    0.0000          
   GbbN1_GttN1    0.0000    0.0000          
     GgN1_GgN1    0.0000    0.0000          
   GqqN1_GqqN1    0.0000    0.0000          
   #----  WWa  ----#
   Nobs:              123
   Nbg:               117.9(14.6)
   Nvis_UL[observed]: 39.382
       Process       Nev    R[obs]
         Total    0.0000    0.0000
   GbbN1_GqqN1    0.0000    0.0000          
    GgN1_GttN1    0.0000    0.0000          
   GttN1_GttN1       nan       nan          
    GgN1_GqqN1    0.0000    0.0000          
   B1bN1_B1bN1       nan       nan          
   GbbN1_GbbN1    0.0000    0.0000          
    GbbN1_GgN1    0.0000    0.0000          
   T1tN1_T1tN1    0.0000    0.0000          
   T2tN1_T2tN1       nan       nan          
   GqqN1_GttN1    0.0000    0.0000          
   GbbN1_GttN1    0.0000    0.0000          
     GgN1_GgN1    0.0000    0.0000          
   GqqN1_GqqN1    0.0000    0.0000          
   #----  WWb  ----#
   Nobs:              16
   Nbg:               13.6(2.3)
   Nvis_UL[observed]: 11.774
       Process       Nev    R[obs]
         Total    0.0000    0.0000
   GbbN1_GqqN1    0.0000    0.0000          
    GgN1_GttN1    0.0000    0.0000          
   GttN1_GttN1       nan       nan          
    GgN1_GqqN1    0.0000    0.0000          
   B1bN1_B1bN1       nan       nan          
   GbbN1_GbbN1    0.0000    0.0000          
    GbbN1_GgN1    0.0000    0.0000          
   T1tN1_T1tN1    0.0000    0.0000          
   T2tN1_T2tN1       nan       nan          
   GqqN1_GttN1    0.0000    0.0000          
   GbbN1_GttN1    0.0000    0.0000          
     GgN1_GgN1    0.0000    0.0000          
   GqqN1_GqqN1    0.0000    0.0000          

------------------------------------------------------------
[ATLAS_CONF_2013_048]
2 leptons (+ jets) + Etmiss [Medium stop] at 8 TeV with $20.3fb^{-1}$.
http://cds.cern.ch/record/1547564
Ecm/TeV = 8
lumi*fb = 20.3
   #----  SR M90  ----#
   Nobs:              260
   Nbg:               300.0(40.0)
   Nvis_UL[observed]: 50.75
       Process       Nev    R[obs]
         Total    0.4979    0.0098
   GttN1_GttN1       nan       nan          
   B1bN1_B1bN1       nan       nan          
   T1tN1_T1tN1    0.0000    0.0000          
   T2tN1_T2tN1       nan       nan          
   GqqN1_GttN1    0.4076    0.0080          
   GbbN1_GttN1    0.0901    0.0018          
    GgN1_GttN1    0.0002    0.0000          
   GbbN1_GqqN1    0.0000    0.0000          
    GgN1_GqqN1    0.0000    0.0000          
   GbbN1_GbbN1    0.0000    0.0000          
    GbbN1_GgN1    0.0000    0.0000          
     GgN1_GgN1    0.0000    0.0000          
   GqqN1_GqqN1    0.0000    0.0000          
   #----  SR M100  ----#
   Nobs:              3
   Nbg:               4.8(2.2)
   Nvis_UL[observed]: 5.481
       Process       Nev    R[obs]
         Total    0.3169    0.0578
   GttN1_GttN1       nan       nan          
   B1bN1_B1bN1       nan       nan          
   T1tN1_T1tN1    0.0000    0.0000          
   T2tN1_T2tN1       nan       nan          
   GqqN1_GttN1    0.2588    0.0472          
   GbbN1_GttN1    0.0579    0.0106          
    GgN1_GttN1    0.0001    0.0000          
   GbbN1_GqqN1    0.0000    0.0000          
    GgN1_GqqN1    0.0000    0.0000          
   GbbN1_GbbN1    0.0000    0.0000          
    GbbN1_GgN1    0.0000    0.0000          
     GgN1_GgN1    0.0000    0.0000          
   GqqN1_GqqN1    0.0000    0.0000          
   #----  SR M110  ----#
   Nobs:              7
   Nbg:               11.0(4.0)
   Nvis_UL[observed]: 8.12
       Process       Nev    R[obs]
         Total    0.3164    0.0390
   GttN1_GttN1       nan       nan          
   B1bN1_B1bN1       nan       nan          
   T1tN1_T1tN1    0.0000    0.0000          
   T2tN1_T2tN1       nan       nan          
   GqqN1_GttN1    0.2627    0.0324          
   GbbN1_GttN1    0.0536    0.0066          
    GgN1_GttN1    0.0001    0.0000          
   GbbN1_GqqN1    0.0000    0.0000          
    GgN1_GqqN1    0.0000    0.0000          
   GbbN1_GbbN1    0.0000    0.0000          
    GbbN1_GgN1    0.0000    0.0000          
     GgN1_GgN1    0.0000    0.0000          
   GqqN1_GqqN1    0.0000    0.0000          
   #----  SR M120  ----#
   Nobs:              3
   Nbg:               4.3(1.3)
   Nvis_UL[observed]: 4.669
       Process       Nev    R[obs]
         Total    0.2385    0.0511
   GttN1_GttN1       nan       nan          
   B1bN1_B1bN1       nan       nan          
   T1tN1_T1tN1    0.0000    0.0000          
   T2tN1_T2tN1       nan       nan          
   GqqN1_GttN1    0.1948    0.0417          
   GbbN1_GttN1    0.0435    0.0093          
    GgN1_GttN1    0.0001    0.0000          
   GbbN1_GqqN1    0.0000    0.0000          
    GgN1_GqqN1    0.0000    0.0000          
   GbbN1_GbbN1    0.0000    0.0000          
    GbbN1_GgN1    0.0000    0.0000          
     GgN1_GgN1    0.0000    0.0000          
   GqqN1_GqqN1    0.0000    0.0000          

------------------------------------------------------------
[ATLAS_CONF_2013_062]
1-2 leptons + 3-6 jets + Etmiss [Incl. squarks & gluinos, mUED] at 8TeV with $20.3fb^{-1}$
http://cds.cern.ch/record/1557779
Ecm/TeV = 8
lumi*fb = 20.3
   #----  incHL3j_m  ----#
   Nobs:              5
   Nbg:               2.7(0.9)
   Nvis_UL[observed]: 7.7
       Process       Nev    R[obs]
         Total    0.0285    0.0037
   GttN1_GttN1       nan       nan          
   B1bN1_B1bN1       nan       nan          
   T1tN1_T1tN1    0.0000    0.0000          
   GbbN1_GbbN1    0.0000    0.0000          
   T2tN1_T2tN1       nan       nan          
   GqqN1_GttN1    0.0285    0.0037          
    GgN1_GttN1    0.0000    0.0000          
   GbbN1_GqqN1    0.0000    0.0000          
    GgN1_GqqN1    0.0000    0.0000          
    GbbN1_GgN1    0.0000    0.0000          
   GbbN1_GttN1    0.0000    0.0000          
     GgN1_GgN1    0.0000    0.0000          
   GqqN1_GqqN1    0.0000    0.0000          
   #----  incHL5j_e  ----#
   Nobs:              4
   Nbg:               3.6(1.0)
   Nvis_UL[observed]: 6.0
       Process       Nev    R[obs]
         Total    0.1334    0.0219
   GttN1_GttN1       nan       nan          
   B1bN1_B1bN1       nan       nan          
   T1tN1_T1tN1    0.0000    0.0000          
   T2tN1_T2tN1       nan       nan          
   GqqN1_GttN1    0.1113    0.0183          
   GbbN1_GttN1    0.0221    0.0036          
    GgN1_GttN1    0.0000    0.0000          
   GbbN1_GqqN1    0.0000    0.0000          
    GgN1_GqqN1    0.0000    0.0000          
   GbbN1_GbbN1    0.0000    0.0000          
    GbbN1_GgN1    0.0000    0.0000          
     GgN1_GgN1    0.0000    0.0000          
   GqqN1_GqqN1    0.0000    0.0000          
   #----  SL1b_low  ----#
   Nobs:              8
   Nbg:               6.1(1.4)
   Nvis_UL[observed]: 8.8
       Process       Nev    R[obs]
         Total    0.1316    0.0151
   GttN1_GttN1       nan       nan          
   B1bN1_B1bN1       nan       nan          
   T1tN1_T1tN1    0.0000    0.0000          
   T2tN1_T2tN1       nan       nan          
   GqqN1_GttN1    0.1165    0.0134          
   GbbN1_GttN1    0.0150    0.0017          
    GgN1_GttN1    0.0001    0.0000          
   GbbN1_GqqN1    0.0000    0.0000          
    GgN1_GqqN1    0.0000    0.0000          
   GbbN1_GbbN1    0.0000    0.0000          
    GbbN1_GgN1    0.0000    0.0000          
     GgN1_GgN1    0.0000    0.0000          
   GqqN1_GqqN1    0.0000    0.0000          
   #----  SL1b_high  ----#
   Nobs:              6
   Nbg:               4.0(1.1)
   Nvis_UL[observed]: 7.9
       Process       Nev    R[obs]
         Total    0.0855    0.0108
   GttN1_GttN1       nan       nan          
   B1bN1_B1bN1       nan       nan          
   T1tN1_T1tN1    0.0000    0.0000          
   T2tN1_T2tN1       nan       nan          
   GqqN1_GttN1    0.0731    0.0092          
   GbbN1_GttN1    0.0123    0.0016          
    GgN1_GttN1    0.0001    0.0000          
   GbbN1_GqqN1    0.0000    0.0000          
    GgN1_GqqN1    0.0000    0.0000          
   GbbN1_GbbN1    0.0000    0.0000          
    GbbN1_GgN1    0.0000    0.0000          
     GgN1_GgN1    0.0000    0.0000          
   GqqN1_GqqN1    0.0000    0.0000          
   #----  SL2b_low  ----#
   Nobs:              24
   Nbg:               24.1(4.1)
   Nvis_UL[observed]: 13.4
       Process       Nev    R[obs]
         Total    0.0060    0.0004
   GttN1_GttN1       nan       nan          
   B1bN1_B1bN1       nan       nan          
   GbbN1_GbbN1    0.0009    0.0001          
   T1tN1_T1tN1    0.0000    0.0000          
   T2tN1_T2tN1       nan       nan          
   GbbN1_GttN1    0.0051    0.0004          
   GbbN1_GqqN1    0.0000    0.0000          
    GgN1_GttN1    0.0000    0.0000          
    GgN1_GqqN1    0.0000    0.0000          
    GbbN1_GgN1    0.0000    0.0000          
   GqqN1_GttN1    0.0000    0.0000          
     GgN1_GgN1    0.0000    0.0000          
   GqqN1_GqqN1    0.0000    0.0000          
   #----  SL2b_high  ----#
   Nobs:              3
   Nbg:               3.6(1.4)
   Nvis_UL[observed]: 5.3
       Process       Nev    R[obs]
         Total    0.0000    0.0000
   GttN1_GttN1       nan       nan          
   B1bN1_B1bN1       nan       nan          
   T1tN1_T1tN1    0.0000    0.0000          
   GbbN1_GqqN1    0.0000    0.0000          
    GgN1_GttN1    0.0000    0.0000          
    GgN1_GqqN1    0.0000    0.0000          
   GbbN1_GbbN1    0.0000    0.0000          
    GbbN1_GgN1    0.0000    0.0000          
   T2tN1_T2tN1       nan       nan          
   GqqN1_GttN1    0.0000    0.0000          
   GbbN1_GttN1    0.0000    0.0000          
     GgN1_GgN1    0.0000    0.0000          
   GqqN1_GqqN1    0.0000    0.0000          
   #----  SL3j  ----#
   Nobs:              7
   Nbg:               5.6(1.6)
   Nvis_UL[observed]: 8.1
       Process       Nev    R[obs]
         Total    0.0135    0.0017
   GttN1_GttN1       nan       nan          
   B1bN1_B1bN1       nan       nan          
   GbbN1_GbbN1    0.0008    0.0001          
   T1tN1_T1tN1    0.0000    0.0000          
   T2tN1_T2tN1       nan       nan          
   GqqN1_GttN1    0.0127    0.0016          
    GgN1_GttN1    0.0000    0.0000          
   GbbN1_GqqN1    0.0000    0.0000          
    GgN1_GqqN1    0.0000    0.0000          
    GbbN1_GgN1    0.0000    0.0000          
   GbbN1_GttN1    0.0000    0.0000          
     GgN1_GgN1    0.0000    0.0000          
   GqqN1_GqqN1    0.0000    0.0000          
   #----  SL5j  ----#
   Nobs:              9
   Nbg:               14.8(3.7)
   Nvis_UL[observed]: 7.1
       Process       Nev    R[obs]
         Total    0.4629    0.0651
   GttN1_GttN1       nan       nan          
   B1bN1_B1bN1       nan       nan          
   T1tN1_T1tN1    0.0000    0.0000          
   T2tN1_T2tN1       nan       nan          
   GqqN1_GttN1    0.3956    0.0557          
   GbbN1_GttN1    0.0662    0.0093          
   GbbN1_GbbN1    0.0010    0.0001          
    GgN1_GttN1    0.0002    0.0000          
   GbbN1_GqqN1    0.0000    0.0000          
    GgN1_GqqN1    0.0000    0.0000          
    GbbN1_GgN1    0.0000    0.0000          
     GgN1_GgN1    0.0000    0.0000          
   GqqN1_GqqN1    0.0000    0.0000          
   #----  SL2m  ----#
   Nobs:              7
   Nbg:               1.6(1.0)
   Nvis_UL[observed]: 11.5
       Process       Nev    R[obs]
         Total    0.0000    0.0000
   GbbN1_GqqN1    0.0000    0.0000          
    GgN1_GttN1    0.0000    0.0000          
   GttN1_GttN1       nan       nan          
    GgN1_GqqN1    0.0000    0.0000          
   B1bN1_B1bN1       nan       nan          
   GbbN1_GbbN1    0.0000    0.0000          
    GbbN1_GgN1    0.0000    0.0000          
   T1tN1_T1tN1    0.0000    0.0000          
   T2tN1_T2tN1       nan       nan          
   GqqN1_GttN1    0.0000    0.0000          
   GbbN1_GttN1    0.0000    0.0000          
     GgN1_GgN1    0.0000    0.0000          
   GqqN1_GqqN1    0.0000    0.0000          
   #----  incHL3j_e  ----#
   Nobs:              4
   Nbg:               3.9(1.0)
   Nvis_UL[observed]: 6.0
       Process       Nev    R[obs]
         Total    0.0252    0.0041
   GttN1_GttN1       nan       nan          
   B1bN1_B1bN1       nan       nan          
   T1tN1_T1tN1    0.0000    0.0000          
   GbbN1_GbbN1    0.0000    0.0000          
   T2tN1_T2tN1       nan       nan          
   GqqN1_GttN1    0.0252    0.0041          
    GgN1_GttN1    0.0000    0.0000          
   GbbN1_GqqN1    0.0000    0.0000          
    GgN1_GqqN1    0.0000    0.0000          
    GbbN1_GgN1    0.0000    0.0000          
   GbbN1_GttN1    0.0000    0.0000          
     GgN1_GgN1    0.0000    0.0000          
   GqqN1_GqqN1    0.0000    0.0000          
   #----  incHL6j_m  ----#
   Nobs:              0
   Nbg:               1.7(0.6)
   Nvis_UL[observed]: 3.0
       Process       Nev    R[obs]
         Total    0.2784    0.0914
   GttN1_GttN1       nan       nan          
   B1bN1_B1bN1       nan       nan          
   T1tN1_T1tN1    0.0000    0.0000          
   T2tN1_T2tN1       nan       nan          
   GqqN1_GttN1    0.2396    0.0787          
   GbbN1_GttN1    0.0387    0.0127          
    GgN1_GttN1    0.0001    0.0000          
   GbbN1_GqqN1    0.0000    0.0000          
    GgN1_GqqN1    0.0000    0.0000          
   GbbN1_GbbN1    0.0000    0.0000          
    GbbN1_GgN1    0.0000    0.0000          
     GgN1_GgN1    0.0000    0.0000          
   GqqN1_GqqN1    0.0000    0.0000          
   #----  incHL5j_m  ----#
   Nobs:              2
   Nbg:               2.5(0.8)
   Nvis_UL[observed]: 4.6
       Process       Nev    R[obs]
         Total    0.1515    0.0339
   GttN1_GttN1       nan       nan          
   B1bN1_B1bN1       nan       nan          
   T1tN1_T1tN1    0.0000    0.0000          
   T2tN1_T2tN1       nan       nan          
   GqqN1_GttN1    0.1328    0.0297          
   GbbN1_GttN1    0.0186    0.0042          
    GgN1_GttN1    0.0000    0.0000          
   GbbN1_GqqN1    0.0000    0.0000          
    GgN1_GqqN1    0.0000    0.0000          
   GbbN1_GbbN1    0.0000    0.0000          
    GbbN1_GgN1    0.0000    0.0000          
     GgN1_GgN1    0.0000    0.0000          
   GqqN1_GqqN1    0.0000    0.0000          
   #----  incHL6j_e  ----#
   Nobs:              2
   Nbg:               2.0(0.7)
   Nvis_UL[observed]: 4.6
       Process       Nev    R[obs]
         Total    0.2126    0.0455
   GttN1_GttN1       nan       nan          
   B1bN1_B1bN1       nan       nan          
   T1tN1_T1tN1    0.0000    0.0000          
   T2tN1_T2tN1       nan       nan          
   GqqN1_GttN1    0.1591    0.0341          
   GbbN1_GttN1    0.0534    0.0114          
    GgN1_GttN1    0.0001    0.0000          
   GbbN1_GqqN1    0.0000    0.0000          
    GgN1_GqqN1    0.0000    0.0000          
   GbbN1_GbbN1    0.0000    0.0000          
    GbbN1_GgN1    0.0000    0.0000          
     GgN1_GgN1    0.0000    0.0000          
   GqqN1_GqqN1    0.0000    0.0000          

------------------------------------------------------------
[ATLAS_CONF_2013_047]
0 leptons + 2-6 jets + Etmiss [Incl. squarks & gluinos] at 8TeV with $20.3fb^{-1}$
http://cds.cern.ch/record/1547563
Ecm/TeV = 8
lumi*fb = 20.3
   #----  E Medium  ----#
   Nobs:              41
   Nbg:               30.0(8.0)
   Nvis_UL[observed]: 28.6
       Process       Nev    R[obs]
         Total    8.2754    0.2891
   GbbN1_GqqN1    1.7552    0.0613          
   GttN1_GttN1       nan       nan          
   B1bN1_B1bN1       nan       nan          
   T2tN1_T2tN1       nan       nan          
   GqqN1_GqqN1    4.1796    0.1460          
   GqqN1_GttN1    1.7733    0.0620          
   GbbN1_GttN1    0.3848    0.0134          
   GbbN1_GbbN1    0.1798    0.0063          
    GgN1_GqqN1    0.0016    0.0001          
    GgN1_GttN1    0.0006    0.0000          
    GbbN1_GgN1    0.0003    0.0000          
   T1tN1_T1tN1    0.0000    0.0000          
     GgN1_GgN1    0.0000    0.0000          
   #----  E Tight  ----#
   Nobs:              5
   Nbg:               2.9(1.8)
   Nvis_UL[observed]: 8.3
       Process       Nev    R[obs]
         Total    1.0519    0.1264
   GbbN1_GqqN1    0.2723    0.0327          
   GttN1_GttN1       nan       nan          
   B1bN1_B1bN1       nan       nan          
   T2tN1_T2tN1       nan       nan          
   GqqN1_GqqN1    0.5221    0.0627          
   GqqN1_GttN1    0.1927    0.0232          
   GbbN1_GttN1    0.0406    0.0049          
   GbbN1_GbbN1    0.0236    0.0028          
    GgN1_GqqN1    0.0003    0.0000          
    GgN1_GttN1    0.0001    0.0000          
    GbbN1_GgN1    0.0001    0.0000          
   T1tN1_T1tN1    0.0000    0.0000          
     GgN1_GgN1    0.0000    0.0000          
   #----  A Loose  ----#
   Nobs:              5333
   Nbg:               4700.0(500.0)
   Nvis_UL[observed]: 1341.2
       Process       Nev    R[obs]
         Total  154.1176    0.1149
   GbbN1_GqqN1   46.8352    0.0349          
   GttN1_GttN1       nan       nan          
   B1bN1_B1bN1       nan       nan          
   T2tN1_T2tN1       nan       nan          
   GqqN1_GqqN1   80.7727    0.0602          
   GqqN1_GttN1   17.7455    0.0132          
   GbbN1_GttN1    4.6213    0.0034          
   GbbN1_GbbN1    4.0565    0.0030          
    GgN1_GqqN1    0.0639    0.0000          
    GbbN1_GgN1    0.0127    0.0000          
    GgN1_GttN1    0.0092    0.0000          
   T1tN1_T1tN1    0.0006    0.0000          
     GgN1_GgN1    0.0000    0.0000          
   #----  A Medium  ----#
   Nobs:              135
   Nbg:               122.0(18.0)
   Nvis_UL[observed]: 51.3
       Process       Nev    R[obs]
         Total    1.8036    0.0353
   GbbN1_GqqN1    0.4668    0.0091          
   GttN1_GttN1       nan       nan          
   B1bN1_B1bN1       nan       nan          
   T2tN1_T2tN1       nan       nan          
   GqqN1_GqqN1    1.0576    0.0207          
   GqqN1_GttN1    0.1854    0.0036          
   GbbN1_GbbN1    0.0528    0.0010          
   GbbN1_GttN1    0.0394    0.0008          
    GgN1_GqqN1    0.0010    0.0000          
    GbbN1_GgN1    0.0002    0.0000          
   T1tN1_T1tN1    0.0002    0.0000          
    GgN1_GttN1    0.0001    0.0000          
     GgN1_GgN1    0.0000    0.0000          
   #----  B Medium  ----#
   Nobs:              29
   Nbg:               33.0(7.0)
   Nvis_UL[observed]: 14.9
       Process       Nev    R[obs]
         Total    0.8123    0.0548
   GbbN1_GqqN1    0.2677    0.0181          
   GttN1_GttN1       nan       nan          
   B1bN1_B1bN1       nan       nan          
   T2tN1_T2tN1       nan       nan          
   GqqN1_GqqN1    0.4953    0.0334          
   GbbN1_GttN1    0.0244    0.0016          
   GbbN1_GbbN1    0.0242    0.0016          
    GgN1_GqqN1    0.0004    0.0000          
   T1tN1_T1tN1    0.0001    0.0000          
    GbbN1_GgN1    0.0001    0.0000          
    GgN1_GttN1    0.0001    0.0000          
     GgN1_GgN1    0.0000    0.0000          
   GqqN1_GttN1    0.0000    0.0000          
   #----  B Tight  ----#
   Nobs:              4
   Nbg:               2.4(1.4)
   Nvis_UL[observed]: 6.7
       Process       Nev    R[obs]
         Total    0.0000    0.0000
   GttN1_GttN1       nan       nan          
   B1bN1_B1bN1       nan       nan          
   T1tN1_T1tN1    0.0000    0.0000          
   GbbN1_GbbN1    0.0000    0.0000          
   T2tN1_T2tN1       nan       nan          
     GgN1_GgN1    0.0000    0.0000          
   GbbN1_GqqN1    0.0000    0.0000          
    GgN1_GttN1    0.0000    0.0000          
    GgN1_GqqN1    0.0000    0.0000          
    GbbN1_GgN1    0.0000    0.0000          
   GqqN1_GttN1    0.0000    0.0000          
   GbbN1_GttN1    0.0000    0.0000          
   GqqN1_GqqN1    0.0000    0.0000          
   #----  C Medium  ----#
   Nobs:              228
   Nbg:               210.0(40.0)
   Nvis_UL[observed]: 81.2
       Process       Nev    R[obs]
         Total   25.5124    0.3142
   GbbN1_GqqN1    6.1321    0.0755          
   GttN1_GttN1       nan       nan          
   B1bN1_B1bN1       nan       nan          
   T2tN1_T2tN1       nan       nan          
   GqqN1_GqqN1   15.2734    0.1881          
   GqqN1_GttN1    2.9096    0.0358          
   GbbN1_GttN1    0.6008    0.0074          
   GbbN1_GbbN1    0.5841    0.0072          
    GgN1_GqqN1    0.0089    0.0001          
    GbbN1_GgN1    0.0017    0.0000          
    GgN1_GttN1    0.0014    0.0000          
   T1tN1_T1tN1    0.0003    0.0000          
     GgN1_GgN1    0.0000    0.0000          
   #----  C Tight  ----#
   Nobs:              0
   Nbg:               1.6(1.4)
   Nvis_UL[observed]: 2.4
       Process       Nev    R[obs]
         Total    0.0975    0.0400
   GbbN1_GqqN1    0.0405    0.0166          
   GttN1_GttN1       nan       nan          
   B1bN1_B1bN1       nan       nan          
   T2tN1_T2tN1       nan       nan          
   GqqN1_GqqN1    0.0517    0.0212          
   GbbN1_GbbN1    0.0031    0.0013          
   GbbN1_GttN1    0.0022    0.0009          
    GgN1_GqqN1    0.0000    0.0000          
   T1tN1_T1tN1    0.0000    0.0000          
    GbbN1_GgN1    0.0000    0.0000          
    GgN1_GttN1    0.0000    0.0000          
     GgN1_GgN1    0.0000    0.0000          
   GqqN1_GttN1    0.0000    0.0000          
   #----  D  ----#
   Nobs:              18
   Nbg:               15.0(5.0)
   Nvis_UL[observed]: 15.5
       Process       Nev    R[obs]
         Total    2.6081    0.1669
   GbbN1_GqqN1    0.6000    0.0384          
   GttN1_GttN1       nan       nan          
   B1bN1_B1bN1       nan       nan          
   T2tN1_T2tN1       nan       nan          
   GqqN1_GqqN1    1.4904    0.0953          
   GqqN1_GttN1    0.3718    0.0238          
   GbbN1_GttN1    0.0770    0.0049          
   GbbN1_GbbN1    0.0677    0.0043          
    GgN1_GqqN1    0.0008    0.0001          
    GgN1_GttN1    0.0002    0.0000          
    GbbN1_GgN1    0.0002    0.0000          
   T1tN1_T1tN1    0.0001    0.0000          
     GgN1_GgN1    0.0000    0.0000          
   #----  E Loose  ----#
   Nobs:              166
   Nbg:               113.0(21.0)
   Nvis_UL[observed]: 92.4
       Process       Nev    R[obs]
         Total   24.9931    0.2706
   GbbN1_GqqN1    4.7977    0.0519          
   GttN1_GttN1       nan       nan          
   B1bN1_B1bN1       nan       nan          
   T2tN1_T2tN1       nan       nan          
   GqqN1_GqqN1   11.5791    0.1254          
   GqqN1_GttN1    6.6924    0.0725          
   GbbN1_GttN1    1.4115    0.0153          
   GbbN1_GbbN1    0.5065    0.0055          
    GgN1_GqqN1    0.0036    0.0000          
    GgN1_GttN1    0.0017    0.0000          
    GbbN1_GgN1    0.0007    0.0000          
   T1tN1_T1tN1    0.0001    0.0000          
     GgN1_GgN1    0.0000    0.0000          

------------------------------------------------------------
[ATLAS_CONF_2013_061]
0-1 leptons + >=3 b-jets + Etmiss [3rd gen. squarks] at 8TeV with $20.1fb^{-1}$
http://cds.cern.ch/record/1557778
Ecm/TeV = 8
lumi*fb = 20.1
   #----  SR-1l-6j-C  ----#
   Nobs:              0
   Nbg:               3.0(2.8)
   Nvis_UL[observed]: 3.0
       Process       Nev    R[obs]
         Total    0.2998    0.0994
   GttN1_GttN1    0.0509    0.0169          
    GgN1_GttN1    0.0000    0.0000          
   B1bN1_B1bN1       nan       nan          
   T2tN1_T2tN1       nan       nan          
   GbbN1_GttN1    0.1556    0.0516          
   GqqN1_GttN1    0.0933    0.0309          
   T1tN1_T1tN1    0.0000    0.0000          
   GbbN1_GqqN1    0.0000    0.0000          
    GgN1_GqqN1    0.0000    0.0000          
   GbbN1_GbbN1    0.0000    0.0000          
    GbbN1_GgN1    0.0000    0.0000          
     GgN1_GgN1    0.0000    0.0000          
   GqqN1_GqqN1    0.0000    0.0000          
   #----  SR-0l-4j-A  ----#
   Nobs:              2
   Nbg:               3.0(1.3)
   Nvis_UL[observed]: 4.6
       Process       Nev    R[obs]
         Total    0.3990    0.0863
   GbbN1_GqqN1    0.1020    0.0221          
   B1bN1_B1bN1       nan       nan          
   GbbN1_GbbN1    0.1503    0.0325          
   T2tN1_T2tN1       nan       nan          
   GbbN1_GttN1    0.0942    0.0204          
   GqqN1_GttN1    0.0479    0.0104          
   GttN1_GttN1    0.0045    0.0010          
    GbbN1_GgN1    0.0001    0.0000          
    GgN1_GttN1    0.0000    0.0000          
   T1tN1_T1tN1    0.0000    0.0000          
    GgN1_GqqN1    0.0000    0.0000          
     GgN1_GgN1    0.0000    0.0000          
   GqqN1_GqqN1    0.0000    0.0000          
   #----  SR-0l-4j-B  ----#
   Nobs:              3
   Nbg:               1.3(1.0)
   Nvis_UL[observed]: 6.7
       Process       Nev    R[obs]
         Total    0.3236    0.0488
   GbbN1_GqqN1    0.0912    0.0138          
   B1bN1_B1bN1       nan       nan          
   GbbN1_GbbN1    0.1453    0.0219          
   T1tN1_T1tN1    0.0000    0.0000          
   T2tN1_T2tN1       nan       nan          
   GbbN1_GttN1    0.0810    0.0122          
   GttN1_GttN1    0.0060    0.0009          
    GbbN1_GgN1    0.0000    0.0000          
    GgN1_GttN1    0.0000    0.0000          
    GgN1_GqqN1    0.0000    0.0000          
   GqqN1_GttN1    0.0000    0.0000          
     GgN1_GgN1    0.0000    0.0000          
   GqqN1_GqqN1    0.0000    0.0000          
   #----  SR-0l-4j-C  ----#
   Nobs:              2
   Nbg:               1.8(1.0)
   Nvis_UL[observed]: 4.8
       Process       Nev    R[obs]
         Total    0.1329    0.0276
   B1bN1_B1bN1       nan       nan          
   GbbN1_GbbN1    0.0786    0.0163          
   T1tN1_T1tN1    0.0000    0.0000          
   T2tN1_T2tN1       nan       nan          
   GbbN1_GttN1    0.0478    0.0099          
   GttN1_GttN1    0.0065    0.0013          
    GgN1_GttN1    0.0000    0.0000          
    GbbN1_GgN1    0.0000    0.0000          
   GbbN1_GqqN1    0.0000    0.0000          
    GgN1_GqqN1    0.0000    0.0000          
   GqqN1_GttN1    0.0000    0.0000          
     GgN1_GgN1    0.0000    0.0000          
   GqqN1_GqqN1    0.0000    0.0000          
   #----  SR-0l-7j-A  ----#
   Nobs:              22
   Nbg:               22.5(6.9)
   Nvis_UL[observed]: 15.3
       Process       Nev    R[obs]
         Total    2.4461    0.1601
   B1bN1_B1bN1       nan       nan          
   T2tN1_T2tN1       nan       nan          
   GbbN1_GttN1    0.9615    0.0629          
   GqqN1_GttN1    0.7362    0.0482          
   GbbN1_GbbN1    0.2991    0.0196          
   GbbN1_GqqN1    0.2779    0.0182          
   GttN1_GttN1    0.1711    0.0112          
    GgN1_GttN1    0.0002    0.0000          
    GbbN1_GgN1    0.0001    0.0000          
   T1tN1_T1tN1    0.0000    0.0000          
    GgN1_GqqN1    0.0000    0.0000          
     GgN1_GgN1    0.0000    0.0000          
   GqqN1_GqqN1    0.0000    0.0000          
   #----  SR-0l-7j-B  ----#
   Nobs:              3
   Nbg:               3.6(2.5)
   Nvis_UL[observed]: 6.1
       Process       Nev    R[obs]
         Total    0.5952    0.0987
   B1bN1_B1bN1       nan       nan          
   T2tN1_T2tN1       nan       nan          
   GbbN1_GttN1    0.1957    0.0324          
   GqqN1_GttN1    0.1882    0.0312          
   GbbN1_GqqN1    0.1063    0.0176          
   GbbN1_GbbN1    0.0930    0.0154          
   GttN1_GttN1    0.0120    0.0020          
    GgN1_GttN1    0.0001    0.0000          
    GbbN1_GgN1    0.0000    0.0000          
   T1tN1_T1tN1    0.0000    0.0000          
    GgN1_GqqN1    0.0000    0.0000          
     GgN1_GgN1    0.0000    0.0000          
   GqqN1_GqqN1    0.0000    0.0000          
   #----  SR-0l-7j-C  ----#
   Nobs:              1
   Nbg:               0.8(0.85)
   Nvis_UL[observed]: 3.9
       Process       Nev    R[obs]
         Total    0.2044    0.0535
   B1bN1_B1bN1       nan       nan          
   T1tN1_T1tN1    0.0000    0.0000          
   T2tN1_T2tN1       nan       nan          
   GqqN1_GttN1    0.0770    0.0202          
   GbbN1_GttN1    0.0757    0.0198          
   GbbN1_GbbN1    0.0367    0.0096          
   GttN1_GttN1    0.0151    0.0039          
    GgN1_GttN1    0.0000    0.0000          
   GbbN1_GqqN1    0.0000    0.0000          
    GgN1_GqqN1    0.0000    0.0000          
    GbbN1_GgN1    0.0000    0.0000          
     GgN1_GgN1    0.0000    0.0000          
   GqqN1_GqqN1    0.0000    0.0000          
   #----  SR-1l-6j-A  ----#
   Nobs:              7
   Nbg:               15.5(8.4)
   Nvis_UL[observed]: 6.6
       Process       Nev    R[obs]
         Total    1.3774    0.2077
   GttN1_GttN1    0.3548    0.0535          
    GgN1_GttN1    0.0001    0.0000          
   B1bN1_B1bN1       nan       nan          
   T2tN1_T2tN1       nan       nan          
   GbbN1_GttN1    0.6399    0.0965          
   GqqN1_GttN1    0.3826    0.0577          
   T1tN1_T1tN1    0.0000    0.0000          
   GbbN1_GqqN1    0.0000    0.0000          
    GgN1_GqqN1    0.0000    0.0000          
   GbbN1_GbbN1    0.0000    0.0000          
    GbbN1_GgN1    0.0000    0.0000          
     GgN1_GgN1    0.0000    0.0000          
   GqqN1_GqqN1    0.0000    0.0000          
   #----  SR-1l-6j-B  ----#
   Nobs:              0
   Nbg:               7.4(5.7)
   Nvis_UL[observed]: 3.0
       Process       Nev    R[obs]
         Total    0.7191    0.2385
   GttN1_GttN1    0.1457    0.0483          
    GgN1_GttN1    0.0001    0.0000          
   B1bN1_B1bN1       nan       nan          
   T2tN1_T2tN1       nan       nan          
   GbbN1_GttN1    0.3605    0.1196          
   GqqN1_GttN1    0.2129    0.0706          
   T1tN1_T1tN1    0.0000    0.0000          
   GbbN1_GqqN1    0.0000    0.0000          
    GgN1_GqqN1    0.0000    0.0000          
   GbbN1_GbbN1    0.0000    0.0000          
    GbbN1_GgN1    0.0000    0.0000          
     GgN1_GgN1    0.0000    0.0000          
   GqqN1_GqqN1    0.0000    0.0000          

------------------------------------------------------------
[ATLAS_CONF_2013_093]
1 lepton + bb(H) + Etmiss [EW production] at 8TeV with $20.3fb^{-1}$ 
https://cds.cern.ch/record/1595756
Ecm/TeV = 8
lumi*fb = 20.3
   #----  SRAh  ----#
   Nobs:              4
   Nbg:               5.4(3.1)
   Nvis_UL[observed]: 6.9
       Process       Nev    R[obs]
         Total    0.0000    0.0000
   GbbN1_GqqN1    0.0000    0.0000          
    GgN1_GttN1    0.0000    0.0000          
   GttN1_GttN1    0.0000    0.0000          
    GgN1_GqqN1    0.0000    0.0000          
   B1bN1_B1bN1       nan       nan          
   GbbN1_GbbN1    0.0000    0.0000          
    GbbN1_GgN1    0.0000    0.0000          
   T1tN1_T1tN1    0.0000    0.0000          
   T2tN1_T2tN1       nan       nan          
   GqqN1_GttN1    0.0000    0.0000          
   GbbN1_GttN1    0.0000    0.0000          
     GgN1_GgN1    0.0000    0.0000          
   GqqN1_GqqN1    0.0000    0.0000          
   #----  SRBh  ----#
   Nobs:              2
   Nbg:               2.1(0.7)
   Nvis_UL[observed]: 4.4
       Process       Nev    R[obs]
         Total    0.0024    0.0006
    GgN1_GttN1    0.0000    0.0000          
   B1bN1_B1bN1       nan       nan          
   T1tN1_T1tN1    0.0000    0.0000          
   GbbN1_GbbN1    0.0000    0.0000          
   T2tN1_T2tN1       nan       nan          
   GbbN1_GttN1    0.0024    0.0006          
   GbbN1_GqqN1    0.0000    0.0000          
   GttN1_GttN1    0.0000    0.0000          
    GgN1_GqqN1    0.0000    0.0000          
    GbbN1_GgN1    0.0000    0.0000          
   GqqN1_GttN1    0.0000    0.0000          
     GgN1_GgN1    0.0000    0.0000          
   GqqN1_GqqN1    0.0000    0.0000          

